This is pdfTeX, Version 3.141592653-2.6-1.40.27 (TeX Live 2025/Homebrew) (preloaded format=pdflatex 2025.11.7)  21 DEC 2025 00:31
entering extended mode
 restricted \write18 enabled.
 file:line:error style messages enabled.
 %&-line parsing enabled.
**"/Users/gregtsen/Desktop/notes/SwinUNETR-Placental-Segmentation/Thesis Doc/main.tex"
(/Users/gregtsen/Desktop/notes/SwinUNETR-Placental-Segmentation/Thesis Doc/main.tex
LaTeX2e <2024-11-01> patch level 2
L3 programming layer <2025-01-18>
(./ntua-thesis.cls
Document Class: ntua-thesis 2020/01/21 1.0 LaTeX document class.
(/opt/homebrew/Cellar/texlive/20250308_2/share/texmf-dist/tex/latex/base/ifthen.sty
Package: ifthen 2024/03/16 v1.1e Standard LaTeX ifthen package (DPC)
) (/opt/homebrew/Cellar/texlive/20250308_2/share/texmf-dist/tex/latex/graphics/graphicx.sty
Package: graphicx 2021/09/16 v1.2d Enhanced LaTeX Graphics (DPC,SPQR)
 (/opt/homebrew/Cellar/texlive/20250308_2/share/texmf-dist/tex/latex/graphics/keyval.sty
Package: keyval 2022/05/29 v1.15 key=value parser (DPC)
\KV@toks@=\toks17
) (/opt/homebrew/Cellar/texlive/20250308_2/share/texmf-dist/tex/latex/graphics/graphics.sty
Package: graphics 2024/08/06 v1.4g Standard LaTeX Graphics (DPC,SPQR)
 (/opt/homebrew/Cellar/texlive/20250308_2/share/texmf-dist/tex/latex/graphics/trig.sty
Package: trig 2023/12/02 v1.11 sin cos tan (DPC)
) (/opt/homebrew/Cellar/texlive/20250308_2/share/texmf-dist/tex/latex/graphics-cfg/graphics.cfg
File: graphics.cfg 2016/06/04 v1.11 sample graphics configuration
)
Package graphics Info: Driver file: pdftex.def on input line 106.
 (/opt/homebrew/Cellar/texlive/20250308_2/share/texmf-dist/tex/latex/graphics-def/pdftex.def
File: pdftex.def 2024/04/13 v1.2c Graphics/color driver for pdftex
))
\Gin@req@height=\dimen141
\Gin@req@width=\dimen142
) (/opt/homebrew/Cellar/texlive/20250308_2/share/texmf-dist/tex/latex/fancyhdr/fancyhdr.sty
Package: fancyhdr 2025/02/07 v5.2 Extensive control of page headers and footers
\f@nch@headwidth=\skip49
\f@nch@offset@elh=\skip50
\f@nch@offset@erh=\skip51
\f@nch@offset@olh=\skip52
\f@nch@offset@orh=\skip53
\f@nch@offset@elf=\skip54
\f@nch@offset@erf=\skip55
\f@nch@offset@olf=\skip56
\f@nch@offset@orf=\skip57
\f@nch@height=\skip58
\f@nch@footalignment=\skip59
\f@nch@widthL=\skip60
\f@nch@widthC=\skip61
\f@nch@widthR=\skip62
\@temptokenb=\toks18
) (/opt/homebrew/Cellar/texlive/20250308_2/share/texmf-dist/tex/latex/base/book.cls
Document Class: book 2024/06/29 v1.4n Standard LaTeX document class
(/opt/homebrew/Cellar/texlive/20250308_2/share/texmf-dist/tex/latex/base/bk11.clo
File: bk11.clo 2024/06/29 v1.4n Standard LaTeX file (size option)
)
\c@part=\count196
\c@chapter=\count197
\c@section=\count198
\c@subsection=\count199
\c@subsubsection=\count266
\c@paragraph=\count267
\c@subparagraph=\count268
\c@figure=\count269
\c@table=\count270
\abovecaptionskip=\skip63
\belowcaptionskip=\skip64
\bibindent=\dimen143
) (/opt/homebrew/Cellar/texlive/20250308_2/share/texmf-dist/tex/generic/babel/babel.sty
Package: babel 2025/02/14 v25.4 The multilingual framework for pdfLaTeX, LuaLaTeX and XeLaTeX
\babel@savecnt=\count271
\U@D=\dimen144
\l@unhyphenated=\language90
 (/opt/homebrew/Cellar/texlive/20250308_2/share/texmf-dist/tex/generic/babel/txtbabel.def)
\bbl@readstream=\read2
\bbl@dirlevel=\count272
 (/opt/homebrew/Cellar/texlive/20250308_2/share/texmf-dist/tex/generic/babel-greek/greek.ldf
Language: greek 2023/10/13 1.15 Greek support for the babel system
\bbl@monogreek=\count273
\bbl@polygreek=\count274
\bbl@ancientgreek=\count275
 (/opt/homebrew/Cellar/texlive/20250308_2/share/texmf-dist/tex/latex/greek-fontenc/lgrenc.def
File: lgrenc.def 2023-09-12 2.5 LGR Greek font encoding definitions
Now handling font encoding LGR ...
... processing UTF-8 mapping file for font encoding LGR
 (/opt/homebrew/Cellar/texlive/20250308_2/share/texmf-dist/tex/latex/greek-inputenc/lgrenc.dfu
File: lgrenc.dfu 2023-03-21 1.9 UTF-8 support for Greek
   defining Unicode char U+00A8 (decimal 168)
   defining Unicode char U+00AB (decimal 171)
   defining Unicode char U+00AF (decimal 175)
   defining Unicode char U+00B4 (decimal 180)
   defining Unicode char U+00B7 (decimal 183)
   defining Unicode char U+00BB (decimal 187)
   defining Unicode char U+0259 (decimal 601)
   defining Unicode char U+02D8 (decimal 728)
   defining Unicode char U+0374 (decimal 884)
   defining Unicode char U+0375 (decimal 885)
   defining Unicode char U+037A (decimal 890)
   defining Unicode char U+037E (decimal 894)
   defining Unicode char U+0384 (decimal 900)
   defining Unicode char U+0385 (decimal 901)
   defining Unicode char U+0386 (decimal 902)
   defining Unicode char U+0387 (decimal 903)
   defining Unicode char U+0388 (decimal 904)
   defining Unicode char U+0389 (decimal 905)
   defining Unicode char U+038A (decimal 906)
   defining Unicode char U+038C (decimal 908)
   defining Unicode char U+038E (decimal 910)
   defining Unicode char U+038F (decimal 911)
   defining Unicode char U+0390 (decimal 912)
   defining Unicode char U+0391 (decimal 913)
   defining Unicode char U+0392 (decimal 914)
   defining Unicode char U+0393 (decimal 915)
   defining Unicode char U+0394 (decimal 916)
   defining Unicode char U+0395 (decimal 917)
   defining Unicode char U+0396 (decimal 918)
   defining Unicode char U+0397 (decimal 919)
   defining Unicode char U+0398 (decimal 920)
   defining Unicode char U+0399 (decimal 921)
   defining Unicode char U+039A (decimal 922)
   defining Unicode char U+039B (decimal 923)
   defining Unicode char U+039C (decimal 924)
   defining Unicode char U+039D (decimal 925)
   defining Unicode char U+039E (decimal 926)
   defining Unicode char U+039F (decimal 927)
   defining Unicode char U+03A0 (decimal 928)
   defining Unicode char U+03A1 (decimal 929)
   defining Unicode char U+03A3 (decimal 931)
   defining Unicode char U+03A4 (decimal 932)
   defining Unicode char U+03A5 (decimal 933)
   defining Unicode char U+03A6 (decimal 934)
   defining Unicode char U+03A7 (decimal 935)
   defining Unicode char U+03A8 (decimal 936)
   defining Unicode char U+03A9 (decimal 937)
   defining Unicode char U+03AA (decimal 938)
   defining Unicode char U+03AB (decimal 939)
   defining Unicode char U+03AC (decimal 940)
   defining Unicode char U+03AD (decimal 941)
   defining Unicode char U+03AE (decimal 942)
   defining Unicode char U+03AF (decimal 943)
   defining Unicode char U+03B0 (decimal 944)
   defining Unicode char U+03B1 (decimal 945)
   defining Unicode char U+03B2 (decimal 946)
   defining Unicode char U+03B3 (decimal 947)
   defining Unicode char U+03B4 (decimal 948)
   defining Unicode char U+03B5 (decimal 949)
   defining Unicode char U+03B6 (decimal 950)
   defining Unicode char U+03B7 (decimal 951)
   defining Unicode char U+03B8 (decimal 952)
   defining Unicode char U+03B9 (decimal 953)
   defining Unicode char U+03BA (decimal 954)
   defining Unicode char U+03BB (decimal 955)
   defining Unicode char U+03BC (decimal 956)
   defining Unicode char U+03BD (decimal 957)
   defining Unicode char U+03BE (decimal 958)
   defining Unicode char U+03BF (decimal 959)
   defining Unicode char U+03C0 (decimal 960)
   defining Unicode char U+03C1 (decimal 961)
   defining Unicode char U+03C2 (decimal 962)
   defining Unicode char U+03C3 (decimal 963)
   defining Unicode char U+03C4 (decimal 964)
   defining Unicode char U+03C5 (decimal 965)
   defining Unicode char U+03C6 (decimal 966)
   defining Unicode char U+03C7 (decimal 967)
   defining Unicode char U+03C8 (decimal 968)
   defining Unicode char U+03C9 (decimal 969)
   defining Unicode char U+03CA (decimal 970)
   defining Unicode char U+03CB (decimal 971)
   defining Unicode char U+03CC (decimal 972)
   defining Unicode char U+03CD (decimal 973)
   defining Unicode char U+03CE (decimal 974)
   defining Unicode char U+03D0 (decimal 976)
   defining Unicode char U+03D1 (decimal 977)
   defining Unicode char U+03D5 (decimal 981)
   defining Unicode char U+03D6 (decimal 982)
   defining Unicode char U+03D8 (decimal 984)
   defining Unicode char U+03D9 (decimal 985)
   defining Unicode char U+03DA (decimal 986)
   defining Unicode char U+03DB (decimal 987)
   defining Unicode char U+03DC (decimal 988)
   defining Unicode char U+03DD (decimal 989)
   defining Unicode char U+03DE (decimal 990)
   defining Unicode char U+03DF (decimal 991)
   defining Unicode char U+03E0 (decimal 992)
   defining Unicode char U+03E1 (decimal 993)
   defining Unicode char U+03F0 (decimal 1008)
   defining Unicode char U+03F1 (decimal 1009)
   defining Unicode char U+03F4 (decimal 1012)
   defining Unicode char U+03F5 (decimal 1013)
   defining Unicode char U+1F00 (decimal 7936)
   defining Unicode char U+1F01 (decimal 7937)
   defining Unicode char U+1F02 (decimal 7938)
   defining Unicode char U+1F03 (decimal 7939)
   defining Unicode char U+1F04 (decimal 7940)
   defining Unicode char U+1F05 (decimal 7941)
   defining Unicode char U+1F06 (decimal 7942)
   defining Unicode char U+1F07 (decimal 7943)
   defining Unicode char U+1F08 (decimal 7944)
   defining Unicode char U+1F09 (decimal 7945)
   defining Unicode char U+1F0A (decimal 7946)
   defining Unicode char U+1F0B (decimal 7947)
   defining Unicode char U+1F0C (decimal 7948)
   defining Unicode char U+1F0D (decimal 7949)
   defining Unicode char U+1F0E (decimal 7950)
   defining Unicode char U+1F0F (decimal 7951)
   defining Unicode char U+1F10 (decimal 7952)
   defining Unicode char U+1F11 (decimal 7953)
   defining Unicode char U+1F12 (decimal 7954)
   defining Unicode char U+1F13 (decimal 7955)
   defining Unicode char U+1F14 (decimal 7956)
   defining Unicode char U+1F15 (decimal 7957)
   defining Unicode char U+1F18 (decimal 7960)
   defining Unicode char U+1F19 (decimal 7961)
   defining Unicode char U+1F1A (decimal 7962)
   defining Unicode char U+1F1B (decimal 7963)
   defining Unicode char U+1F1C (decimal 7964)
   defining Unicode char U+1F1D (decimal 7965)
   defining Unicode char U+1F20 (decimal 7968)
   defining Unicode char U+1F21 (decimal 7969)
   defining Unicode char U+1F22 (decimal 7970)
   defining Unicode char U+1F23 (decimal 7971)
   defining Unicode char U+1F24 (decimal 7972)
   defining Unicode char U+1F25 (decimal 7973)
   defining Unicode char U+1F26 (decimal 7974)
   defining Unicode char U+1F27 (decimal 7975)
   defining Unicode char U+1F28 (decimal 7976)
   defining Unicode char U+1F29 (decimal 7977)
   defining Unicode char U+1F2A (decimal 7978)
   defining Unicode char U+1F2B (decimal 7979)
   defining Unicode char U+1F2C (decimal 7980)
   defining Unicode char U+1F2D (decimal 7981)
   defining Unicode char U+1F2E (decimal 7982)
   defining Unicode char U+1F2F (decimal 7983)
   defining Unicode char U+1F30 (decimal 7984)
   defining Unicode char U+1F31 (decimal 7985)
   defining Unicode char U+1F32 (decimal 7986)
   defining Unicode char U+1F33 (decimal 7987)
   defining Unicode char U+1F34 (decimal 7988)
   defining Unicode char U+1F35 (decimal 7989)
   defining Unicode char U+1F36 (decimal 7990)
   defining Unicode char U+1F37 (decimal 7991)
   defining Unicode char U+1F38 (decimal 7992)
   defining Unicode char U+1F39 (decimal 7993)
   defining Unicode char U+1F3A (decimal 7994)
   defining Unicode char U+1F3B (decimal 7995)
   defining Unicode char U+1F3C (decimal 7996)
   defining Unicode char U+1F3D (decimal 7997)
   defining Unicode char U+1F3E (decimal 7998)
   defining Unicode char U+1F3F (decimal 7999)
   defining Unicode char U+1F40 (decimal 8000)
   defining Unicode char U+1F41 (decimal 8001)
   defining Unicode char U+1F42 (decimal 8002)
   defining Unicode char U+1F43 (decimal 8003)
   defining Unicode char U+1F44 (decimal 8004)
   defining Unicode char U+1F45 (decimal 8005)
   defining Unicode char U+1F48 (decimal 8008)
   defining Unicode char U+1F49 (decimal 8009)
   defining Unicode char U+1F4A (decimal 8010)
   defining Unicode char U+1F4B (decimal 8011)
   defining Unicode char U+1F4C (decimal 8012)
   defining Unicode char U+1F4D (decimal 8013)
   defining Unicode char U+1F50 (decimal 8016)
   defining Unicode char U+1F51 (decimal 8017)
   defining Unicode char U+1F52 (decimal 8018)
   defining Unicode char U+1F53 (decimal 8019)
   defining Unicode char U+1F54 (decimal 8020)
   defining Unicode char U+1F55 (decimal 8021)
   defining Unicode char U+1F56 (decimal 8022)
   defining Unicode char U+1F57 (decimal 8023)
   defining Unicode char U+1F59 (decimal 8025)
   defining Unicode char U+1F5B (decimal 8027)
   defining Unicode char U+1F5D (decimal 8029)
   defining Unicode char U+1F5F (decimal 8031)
   defining Unicode char U+1F60 (decimal 8032)
   defining Unicode char U+1F61 (decimal 8033)
   defining Unicode char U+1F62 (decimal 8034)
   defining Unicode char U+1F63 (decimal 8035)
   defining Unicode char U+1F64 (decimal 8036)
   defining Unicode char U+1F65 (decimal 8037)
   defining Unicode char U+1F66 (decimal 8038)
   defining Unicode char U+1F67 (decimal 8039)
   defining Unicode char U+1F68 (decimal 8040)
   defining Unicode char U+1F69 (decimal 8041)
   defining Unicode char U+1F6A (decimal 8042)
   defining Unicode char U+1F6B (decimal 8043)
   defining Unicode char U+1F6C (decimal 8044)
   defining Unicode char U+1F6D (decimal 8045)
   defining Unicode char U+1F6E (decimal 8046)
   defining Unicode char U+1F6F (decimal 8047)
   defining Unicode char U+1F70 (decimal 8048)
   defining Unicode char U+1F71 (decimal 8049)
   defining Unicode char U+1F72 (decimal 8050)
   defining Unicode char U+1F73 (decimal 8051)
   defining Unicode char U+1F74 (decimal 8052)
   defining Unicode char U+1F75 (decimal 8053)
   defining Unicode char U+1F76 (decimal 8054)
   defining Unicode char U+1F77 (decimal 8055)
   defining Unicode char U+1F78 (decimal 8056)
   defining Unicode char U+1F79 (decimal 8057)
   defining Unicode char U+1F7A (decimal 8058)
   defining Unicode char U+1F7B (decimal 8059)
   defining Unicode char U+1F7C (decimal 8060)
   defining Unicode char U+1F7D (decimal 8061)
   defining Unicode char U+1F80 (decimal 8064)
   defining Unicode char U+1F81 (decimal 8065)
   defining Unicode char U+1F82 (decimal 8066)
   defining Unicode char U+1F83 (decimal 8067)
   defining Unicode char U+1F84 (decimal 8068)
   defining Unicode char U+1F85 (decimal 8069)
   defining Unicode char U+1F86 (decimal 8070)
   defining Unicode char U+1F87 (decimal 8071)
   defining Unicode char U+1F88 (decimal 8072)
   defining Unicode char U+1F89 (decimal 8073)
   defining Unicode char U+1F8A (decimal 8074)
   defining Unicode char U+1F8B (decimal 8075)
   defining Unicode char U+1F8C (decimal 8076)
   defining Unicode char U+1F8D (decimal 8077)
   defining Unicode char U+1F8E (decimal 8078)
   defining Unicode char U+1F8F (decimal 8079)
   defining Unicode char U+1F90 (decimal 8080)
   defining Unicode char U+1F91 (decimal 8081)
   defining Unicode char U+1F92 (decimal 8082)
   defining Unicode char U+1F93 (decimal 8083)
   defining Unicode char U+1F94 (decimal 8084)
   defining Unicode char U+1F95 (decimal 8085)
   defining Unicode char U+1F96 (decimal 8086)
   defining Unicode char U+1F97 (decimal 8087)
   defining Unicode char U+1F98 (decimal 8088)
   defining Unicode char U+1F99 (decimal 8089)
   defining Unicode char U+1F9A (decimal 8090)
   defining Unicode char U+1F9B (decimal 8091)
   defining Unicode char U+1F9C (decimal 8092)
   defining Unicode char U+1F9D (decimal 8093)
   defining Unicode char U+1F9E (decimal 8094)
   defining Unicode char U+1F9F (decimal 8095)
   defining Unicode char U+1FA0 (decimal 8096)
   defining Unicode char U+1FA1 (decimal 8097)
   defining Unicode char U+1FA2 (decimal 8098)
   defining Unicode char U+1FA3 (decimal 8099)
   defining Unicode char U+1FA4 (decimal 8100)
   defining Unicode char U+1FA5 (decimal 8101)
   defining Unicode char U+1FA6 (decimal 8102)
   defining Unicode char U+1FA7 (decimal 8103)
   defining Unicode char U+1FA8 (decimal 8104)
   defining Unicode char U+1FA9 (decimal 8105)
   defining Unicode char U+1FAA (decimal 8106)
   defining Unicode char U+1FAB (decimal 8107)
   defining Unicode char U+1FAC (decimal 8108)
   defining Unicode char U+1FAD (decimal 8109)
   defining Unicode char U+1FAE (decimal 8110)
   defining Unicode char U+1FAF (decimal 8111)
   defining Unicode char U+1FB0 (decimal 8112)
   defining Unicode char U+1FB1 (decimal 8113)
   defining Unicode char U+1FB2 (decimal 8114)
   defining Unicode char U+1FB3 (decimal 8115)
   defining Unicode char U+1FB4 (decimal 8116)
   defining Unicode char U+1FB6 (decimal 8118)
   defining Unicode char U+1FB7 (decimal 8119)
   defining Unicode char U+1FB8 (decimal 8120)
   defining Unicode char U+1FB9 (decimal 8121)
   defining Unicode char U+1FBA (decimal 8122)
   defining Unicode char U+1FBB (decimal 8123)
   defining Unicode char U+1FBC (decimal 8124)
   defining Unicode char U+1FBD (decimal 8125)
   defining Unicode char U+1FBE (decimal 8126)
   defining Unicode char U+1FBF (decimal 8127)
   defining Unicode char U+1FC0 (decimal 8128)
   defining Unicode char U+1FC1 (decimal 8129)
   defining Unicode char U+1FC2 (decimal 8130)
   defining Unicode char U+1FC3 (decimal 8131)
   defining Unicode char U+1FC4 (decimal 8132)
   defining Unicode char U+1FC6 (decimal 8134)
   defining Unicode char U+1FC7 (decimal 8135)
   defining Unicode char U+1FC8 (decimal 8136)
   defining Unicode char U+1FC9 (decimal 8137)
   defining Unicode char U+1FCA (decimal 8138)
   defining Unicode char U+1FCB (decimal 8139)
   defining Unicode char U+1FCC (decimal 8140)
   defining Unicode char U+1FCD (decimal 8141)
   defining Unicode char U+1FCE (decimal 8142)
   defining Unicode char U+1FCF (decimal 8143)
   defining Unicode char U+1FD0 (decimal 8144)
   defining Unicode char U+1FD1 (decimal 8145)
   defining Unicode char U+1FD2 (decimal 8146)
   defining Unicode char U+1FD3 (decimal 8147)
   defining Unicode char U+1FD6 (decimal 8150)
   defining Unicode char U+1FD7 (decimal 8151)
   defining Unicode char U+1FD8 (decimal 8152)
   defining Unicode char U+1FD9 (decimal 8153)
   defining Unicode char U+1FDA (decimal 8154)
   defining Unicode char U+1FDB (decimal 8155)
   defining Unicode char U+1FDD (decimal 8157)
   defining Unicode char U+1FDE (decimal 8158)
   defining Unicode char U+1FDF (decimal 8159)
   defining Unicode char U+1FE0 (decimal 8160)
   defining Unicode char U+1FE1 (decimal 8161)
   defining Unicode char U+1FE2 (decimal 8162)
   defining Unicode char U+1FE3 (decimal 8163)
   defining Unicode char U+1FE4 (decimal 8164)
   defining Unicode char U+1FE5 (decimal 8165)
   defining Unicode char U+1FE6 (decimal 8166)
   defining Unicode char U+1FE7 (decimal 8167)
   defining Unicode char U+1FE8 (decimal 8168)
   defining Unicode char U+1FE9 (decimal 8169)
   defining Unicode char U+1FEA (decimal 8170)
   defining Unicode char U+1FEB (decimal 8171)
   defining Unicode char U+1FEC (decimal 8172)
   defining Unicode char U+1FED (decimal 8173)
   defining Unicode char U+1FEE (decimal 8174)
   defining Unicode char U+1FEF (decimal 8175)
   defining Unicode char U+1FF2 (decimal 8178)
   defining Unicode char U+1FF3 (decimal 8179)
   defining Unicode char U+1FF4 (decimal 8180)
   defining Unicode char U+1FF6 (decimal 8182)
   defining Unicode char U+1FF7 (decimal 8183)
   defining Unicode char U+1FF8 (decimal 8184)
   defining Unicode char U+1FF9 (decimal 8185)
   defining Unicode char U+1FFA (decimal 8186)
   defining Unicode char U+1FFB (decimal 8187)
   defining Unicode char U+1FFC (decimal 8188)
   defining Unicode char U+1FFD (decimal 8189)
   defining Unicode char U+1FFE (decimal 8190)
   defining Unicode char U+2013 (decimal 8211)
   defining Unicode char U+2014 (decimal 8212)
   defining Unicode char U+2018 (decimal 8216)
   defining Unicode char U+2019 (decimal 8217)
   defining Unicode char U+201A (decimal 8218)
   defining Unicode char U+2030 (decimal 8240)
   defining Unicode char U+2039 (decimal 8249)
   defining Unicode char U+203A (decimal 8250)
   defining Unicode char U+20AC (decimal 8364)
   defining Unicode char U+2126 (decimal 8486)
   defining Unicode char U+10144 (decimal 65860)
   defining Unicode char U+10145 (decimal 65861)
   defining Unicode char U+10146 (decimal 65862)
   defining Unicode char U+10147 (decimal 65863)
) (/opt/homebrew/Cellar/texlive/20250308_2/share/texmf-dist/tex/latex/greek-fontenc/greek-fontenc.def
File: greek-fontenc.def 2023-09-12 2.5 Common Greek font encoding definitions
))) (/opt/homebrew/Cellar/texlive/20250308_2/share/texmf-dist/tex/generic/babel-english/english.ldf
Language: english 2017/06/06 v3.3r English support from the babel system
Package babel Info: Hyphen rules for 'canadian' set to \l@english
(babel)             (\language0). Reported on input line 102.
Package babel Info: Hyphen rules for 'australian' set to \l@ukenglish
(babel)             (\language22). Reported on input line 105.
Package babel Info: Hyphen rules for 'newzealand' set to \l@ukenglish
(babel)             (\language22). Reported on input line 108.
)) (/opt/homebrew/Cellar/texlive/20250308_2/share/texmf-dist/tex/generic/babel/locale/en/babel-english.tex
Package babel Info: Importing font and identification data for english
(babel)             from babel-en.ini. Reported on input line 11.
) (/opt/homebrew/Cellar/texlive/20250308_2/share/texmf-dist/tex/generic/babel/locale/el/babel-greek.tex
Package babel Info: Importing font and identification data for greek
(babel)             from babel-el.ini. Reported on input line 11.
) (/opt/homebrew/Cellar/texlive/20250308_2/share/texmf-dist/tex/latex/base/inputenc.sty
Package: inputenc 2024/02/08 v1.3d Input encoding file
\inpenc@prehook=\toks19
\inpenc@posthook=\toks20
) (/opt/homebrew/Cellar/texlive/20250308_2/share/texmf-dist/tex/latex/base/fontenc.sty
Package: fontenc 2021/04/29 v2.0v Standard LaTeX package
) (/opt/homebrew/Cellar/texlive/20250308_2/share/texmf-dist/tex/latex/varwidth/varwidth.sty
Package: varwidth 2009/03/30 ver 0.92;  Variable-width minipages
\@vwid@box=\box52
\sift@deathcycles=\count276
\@vwid@loff=\dimen145
\@vwid@roff=\dimen146
) (/opt/homebrew/Cellar/texlive/20250308_2/share/texmf-dist/tex/generic/xstring/xstring.sty (/opt/homebrew/Cellar/texlive/20250308_2/share/texmf-dist/tex/generic/xstring/xstring.tex
\xs_counta=\count277
\xs_countb=\count278
)
Package: xstring 2023/08/22 v1.86 String manipulations (CT)
) (/opt/homebrew/Cellar/texlive/20250308_2/share/texmf-dist/tex/latex/tools/array.sty
Package: array 2024/10/17 v2.6g Tabular extension package (FMi)
\col@sep=\dimen147
\ar@mcellbox=\box53
\extrarowheight=\dimen148
\NC@list=\toks21
\extratabsurround=\skip65
\backup@length=\skip66
\ar@cellbox=\box54
) (/opt/homebrew/Cellar/texlive/20250308_2/share/texmf-dist/tex/latex/calculator/calculator.sty
Package: calculator 2022/09/15 v.2.1
\cctr@lengtha=\dimen149
\cctr@lengthb=\dimen150
\cctr@epsilon=\dimen151
) (/opt/homebrew/Cellar/texlive/20250308_2/share/texmf-dist/tex/latex/url/url.sty
\Urlmuskip=\muskip17
Package: url 2013/09/16  ver 3.4  Verb mode for urls, etc.
) (/opt/homebrew/Cellar/texlive/20250308_2/share/texmf-dist/tex/latex/relsize/relsize.sty
Package: relsize 2013/03/29 ver 4.1
) (/opt/homebrew/Cellar/texlive/20250308_2/share/texmf-dist/tex/latex/newfloat/newfloat.sty
Package: newfloat 2023/10/01 v1.2 Defining new floating environments (AR)
Package newfloat Info: Document class `book' detected (original).
)
Package newfloat Info: New float `illustration' with options ` fileext=loi, name=Eik'ona, placement=tbhp, within=chapter, ' on input line 593.
\c@illustration=\count279
\newfloat@ftype=\count280
Package newfloat Info: float type `illustration'=8 on input line 593.
 (/opt/homebrew/Cellar/texlive/20250308_2/share/texmf-dist/tex/latex/amsmath/amsmath.sty
Package: amsmath 2024/11/05 v2.17t AMS math features
\@mathmargin=\skip67

For additional information on amsmath, use the `?' option.
(/opt/homebrew/Cellar/texlive/20250308_2/share/texmf-dist/tex/latex/amsmath/amstext.sty
Package: amstext 2021/08/26 v2.01 AMS text
 (/opt/homebrew/Cellar/texlive/20250308_2/share/texmf-dist/tex/latex/amsmath/amsgen.sty
File: amsgen.sty 1999/11/30 v2.0 generic functions
\@emptytoks=\toks22
\ex@=\dimen152
)) (/opt/homebrew/Cellar/texlive/20250308_2/share/texmf-dist/tex/latex/amsmath/amsbsy.sty
Package: amsbsy 1999/11/29 v1.2d Bold Symbols
\pmbraise@=\dimen153
) (/opt/homebrew/Cellar/texlive/20250308_2/share/texmf-dist/tex/latex/amsmath/amsopn.sty
Package: amsopn 2022/04/08 v2.04 operator names
)
\inf@bad=\count281
LaTeX Info: Redefining \frac on input line 233.
\uproot@=\count282
\leftroot@=\count283
LaTeX Info: Redefining \overline on input line 398.
LaTeX Info: Redefining \colon on input line 409.
\classnum@=\count284
\DOTSCASE@=\count285
LaTeX Info: Redefining \ldots on input line 495.
LaTeX Info: Redefining \dots on input line 498.
LaTeX Info: Redefining \cdots on input line 619.
\Mathstrutbox@=\box55
\strutbox@=\box56
LaTeX Info: Redefining \big on input line 721.
LaTeX Info: Redefining \Big on input line 722.
LaTeX Info: Redefining \bigg on input line 723.
LaTeX Info: Redefining \Bigg on input line 724.
\big@size=\dimen154
LaTeX Font Info:    Redeclaring font encoding OML on input line 742.
LaTeX Font Info:    Redeclaring font encoding OMS on input line 743.
\macc@depth=\count286
LaTeX Info: Redefining \bmod on input line 904.
LaTeX Info: Redefining \pmod on input line 909.
LaTeX Info: Redefining \smash on input line 939.
LaTeX Info: Redefining \relbar on input line 969.
LaTeX Info: Redefining \Relbar on input line 970.
\c@MaxMatrixCols=\count287
\dotsspace@=\muskip18
\c@parentequation=\count288
\dspbrk@lvl=\count289
\tag@help=\toks23
\row@=\count290
\column@=\count291
\maxfields@=\count292
\andhelp@=\toks24
\eqnshift@=\dimen155
\alignsep@=\dimen156
\tagshift@=\dimen157
\tagwidth@=\dimen158
\totwidth@=\dimen159
\lineht@=\dimen160
\@envbody=\toks25
\multlinegap=\skip68
\multlinetaggap=\skip69
\mathdisplay@stack=\toks26
LaTeX Info: Redefining \[ on input line 2953.
LaTeX Info: Redefining \] on input line 2954.
) (/opt/homebrew/Cellar/texlive/20250308_2/share/texmf-dist/tex/latex/amscls/amsthm.sty
Package: amsthm 2020/05/29 v2.20.6
\thm@style=\toks27
\thm@bodyfont=\toks28
\thm@headfont=\toks29
\thm@notefont=\toks30
\thm@headpunct=\toks31
\thm@preskip=\skip70
\thm@postskip=\skip71
\thm@headsep=\skip72
\dth@everypar=\toks32
) (/opt/homebrew/Cellar/texlive/20250308_2/share/texmf-dist/tex/latex/amsfonts/amssymb.sty
Package: amssymb 2013/01/14 v3.01 AMS font symbols
 (/opt/homebrew/Cellar/texlive/20250308_2/share/texmf-dist/tex/latex/amsfonts/amsfonts.sty
Package: amsfonts 2013/01/14 v3.01 Basic AMSFonts support
\symAMSa=\mathgroup4
\symAMSb=\mathgroup5
LaTeX Font Info:    Redeclaring math symbol \hbar on input line 98.
LaTeX Font Info:    Overwriting math alphabet `\mathfrak' in version `bold'
(Font)                  U/euf/m/n --> U/euf/b/n on input line 106.
)) (/opt/homebrew/Cellar/texlive/20250308_2/share/texmf-dist/tex/latex/kerkis/kmath.sty (/opt/homebrew/Cellar/texlive/20250308_2/share/texmf-dist/tex/latex/txfonts/txfonts.sty
Package: txfonts 2008/01/22 v3.2.1
LaTeX Font Info:    Redeclaring symbol font `operators' on input line 21.
LaTeX Font Info:    Overwriting symbol font `operators' in version `normal'
(Font)                  OT1/cmr/m/n --> OT1/txr/m/n on input line 21.
LaTeX Font Info:    Overwriting symbol font `operators' in version `bold'
(Font)                  OT1/cmr/bx/n --> OT1/txr/m/n on input line 21.
LaTeX Font Info:    Overwriting symbol font `operators' in version `bold'
(Font)                  OT1/txr/m/n --> OT1/txr/bx/n on input line 22.
\symitalic=\mathgroup6
LaTeX Font Info:    Overwriting symbol font `italic' in version `bold'
(Font)                  OT1/txr/m/it --> OT1/txr/bx/it on input line 26.
LaTeX Font Info:    Redeclaring math alphabet \mathbf on input line 29.
LaTeX Font Info:    Overwriting math alphabet `\mathbf' in version `normal'
(Font)                  OT1/cmr/bx/n --> OT1/txr/bx/n on input line 29.
LaTeX Font Info:    Overwriting math alphabet `\mathbf' in version `bold'
(Font)                  OT1/cmr/bx/n --> OT1/txr/bx/n on input line 29.
LaTeX Font Info:    Redeclaring math alphabet \mathit on input line 30.
LaTeX Font Info:    Overwriting math alphabet `\mathit' in version `normal'
(Font)                  OT1/cmr/m/it --> OT1/txr/m/it on input line 30.
LaTeX Font Info:    Overwriting math alphabet `\mathit' in version `bold'
(Font)                  OT1/cmr/bx/it --> OT1/txr/m/it on input line 30.
LaTeX Font Info:    Overwriting math alphabet `\mathit' in version `bold'
(Font)                  OT1/txr/m/it --> OT1/txr/bx/it on input line 31.
LaTeX Font Info:    Redeclaring math alphabet \mathsf on input line 40.
LaTeX Font Info:    Overwriting math alphabet `\mathsf' in version `normal'
(Font)                  OT1/cmss/m/n --> OT1/txss/m/n on input line 40.
LaTeX Font Info:    Overwriting math alphabet `\mathsf' in version `bold'
(Font)                  OT1/cmss/bx/n --> OT1/txss/m/n on input line 40.
LaTeX Font Info:    Overwriting math alphabet `\mathsf' in version `bold'
(Font)                  OT1/txss/m/n --> OT1/txss/b/n on input line 41.
LaTeX Font Info:    Redeclaring math alphabet \mathtt on input line 50.
LaTeX Font Info:    Overwriting math alphabet `\mathtt' in version `normal'
(Font)                  OT1/cmtt/m/n --> OT1/txtt/m/n on input line 50.
LaTeX Font Info:    Overwriting math alphabet `\mathtt' in version `bold'
(Font)                  OT1/cmtt/m/n --> OT1/txtt/m/n on input line 50.
LaTeX Font Info:    Overwriting math alphabet `\mathtt' in version `bold'
(Font)                  OT1/txtt/m/n --> OT1/txtt/b/n on input line 51.
LaTeX Font Info:    Redeclaring symbol font `letters' on input line 58.
LaTeX Font Info:    Overwriting symbol font `letters' in version `normal'
(Font)                  OML/cmm/m/it --> OML/txmi/m/it on input line 58.
LaTeX Font Info:    Overwriting symbol font `letters' in version `bold'
(Font)                  OML/cmm/b/it --> OML/txmi/m/it on input line 58.
LaTeX Font Info:    Overwriting symbol font `letters' in version `bold'
(Font)                  OML/txmi/m/it --> OML/txmi/bx/it on input line 59.
\symlettersA=\mathgroup7
LaTeX Font Info:    Overwriting symbol font `lettersA' in version `bold'
(Font)                  U/txmia/m/it --> U/txmia/bx/it on input line 67.
LaTeX Font Info:    Redeclaring math alphabet \mathfrak on input line 70.
LaTeX Font Info:    Redeclaring symbol font `symbols' on input line 77.
LaTeX Font Info:    Overwriting symbol font `symbols' in version `normal'
(Font)                  OMS/cmsy/m/n --> OMS/txsy/m/n on input line 77.
LaTeX Font Info:    Overwriting symbol font `symbols' in version `bold'
(Font)                  OMS/cmsy/b/n --> OMS/txsy/m/n on input line 77.
LaTeX Font Info:    Overwriting symbol font `symbols' in version `bold'
(Font)                  OMS/txsy/m/n --> OMS/txsy/bx/n on input line 78.
LaTeX Font Info:    Redeclaring symbol font `AMSa' on input line 93.
LaTeX Font Info:    Overwriting symbol font `AMSa' in version `normal'
(Font)                  U/msa/m/n --> U/txsya/m/n on input line 93.
LaTeX Font Info:    Overwriting symbol font `AMSa' in version `bold'
(Font)                  U/msa/m/n --> U/txsya/m/n on input line 93.
LaTeX Font Info:    Overwriting symbol font `AMSa' in version `bold'
(Font)                  U/txsya/m/n --> U/txsya/bx/n on input line 94.
LaTeX Font Info:    Redeclaring symbol font `AMSb' on input line 102.
LaTeX Font Info:    Overwriting symbol font `AMSb' in version `normal'
(Font)                  U/msb/m/n --> U/txsyb/m/n on input line 102.
LaTeX Font Info:    Overwriting symbol font `AMSb' in version `bold'
(Font)                  U/msb/m/n --> U/txsyb/m/n on input line 102.
LaTeX Font Info:    Overwriting symbol font `AMSb' in version `bold'
(Font)                  U/txsyb/m/n --> U/txsyb/bx/n on input line 103.
\symsymbolsC=\mathgroup8
LaTeX Font Info:    Overwriting symbol font `symbolsC' in version `bold'
(Font)                  U/txsyc/m/n --> U/txsyc/bx/n on input line 113.
LaTeX Font Info:    Redeclaring symbol font `largesymbols' on input line 120.
LaTeX Font Info:    Overwriting symbol font `largesymbols' in version `normal'
(Font)                  OMX/cmex/m/n --> OMX/txex/m/n on input line 120.
LaTeX Font Info:    Overwriting symbol font `largesymbols' in version `bold'
(Font)                  OMX/cmex/m/n --> OMX/txex/m/n on input line 120.
LaTeX Font Info:    Overwriting symbol font `largesymbols' in version `bold'
(Font)                  OMX/txex/m/n --> OMX/txex/bx/n on input line 121.
\symlargesymbolsA=\mathgroup9
LaTeX Font Info:    Overwriting symbol font `largesymbolsA' in version `bold'
(Font)                  U/txexa/m/n --> U/txexa/bx/n on input line 129.
LaTeX Font Info:    Redeclaring math symbol \mathsterling on input line 164.
LaTeX Info: Redefining \not on input line 1043.
LaTeX Info: Redefining \textsquare on input line 1063.
LaTeX Info: Redefining \openbox on input line 1064.
)
LaTeX Font Info:    Redeclaring symbol font `letters' on input line 3.
LaTeX Font Info:    Overwriting symbol font `letters' in version `normal'
(Font)                  OML/txmi/m/it --> OML/mak/m/it on input line 3.
LaTeX Font Info:    Overwriting symbol font `letters' in version `bold'
(Font)                  OML/txmi/bx/it --> OML/mak/m/it on input line 3.
LaTeX Font Info:    Overwriting symbol font `letters' in version `bold'
(Font)                  OML/mak/m/it --> OML/mak/b/it on input line 4.
\symkerkisnumbers=\mathgroup10
LaTeX Font Info:    Overwriting symbol font `letters' in version `bold'
(Font)                  OML/mak/b/it --> OML/mak/b/it on input line 10.
LaTeX Font Info:    Overwriting math alphabet `\mathrm' in version `normal'
(Font)                  OT1/txr/m/n --> T1/txr/m/n on input line 21.
LaTeX Font Info:    Overwriting math alphabet `\mathbf' in version `normal'
(Font)                  OT1/txr/bx/n --> T1/txr/b/n on input line 22.
LaTeX Font Info:    Overwriting math alphabet `\mathit' in version `normal'
(Font)                  OT1/txr/m/it --> T1/txr/m/it on input line 23.
LaTeX Font Info:    Overwriting math alphabet `\mathsf' in version `normal'
(Font)                  OT1/txss/m/n --> T1/txss/m/n on input line 24.
LaTeX Font Info:    Overwriting math alphabet `\mathtt' in version `normal'
(Font)                  OT1/txtt/m/n --> T1/txtt/m/n on input line 25.
) (/opt/homebrew/Cellar/texlive/20250308_2/share/texmf-dist/tex/latex/kerkis/kerkis.sty
File: kerkis.sty 2000/02/25 v1.5 Package `kerkis.sty'
   *********************************************** ******** Loading The Kerkis FontFamily ******** ********** Department of Mathematics ********** *********** University of the Aegean ********** ***********************************************
LaTeX Info: Redefining \LaTeX on input line 156.
LaTeX Info: Redefining \LaTeXe on input line 166.
) (/opt/homebrew/Cellar/texlive/20250308_2/share/texmf-dist/tex/latex/bera/beramono.sty
Package: beramono 2004/01/31 (WaS)
) LaTeX Warning: (ntua_thesis.cls): The "noindex" option has been selected. Index generation has been disabled. To allow index generation, please remove the "noindex" option.
 
(/opt/homebrew/Cellar/texlive/20250308_2/share/texmf-dist/tex/latex/hyperref/hyperref.sty
Package: hyperref 2024-11-05 v7.01l Hypertext links for LaTeX
 (/opt/homebrew/Cellar/texlive/20250308_2/share/texmf-dist/tex/generic/iftex/iftex.sty
Package: iftex 2024/12/12 v1.0g TeX engine tests
) (/opt/homebrew/Cellar/texlive/20250308_2/share/texmf-dist/tex/latex/kvsetkeys/kvsetkeys.sty
Package: kvsetkeys 2022-10-05 v1.19 Key value parser (HO)
) (/opt/homebrew/Cellar/texlive/20250308_2/share/texmf-dist/tex/generic/kvdefinekeys/kvdefinekeys.sty
Package: kvdefinekeys 2019-12-19 v1.6 Define keys (HO)
) (/opt/homebrew/Cellar/texlive/20250308_2/share/texmf-dist/tex/generic/pdfescape/pdfescape.sty
Package: pdfescape 2019/12/09 v1.15 Implements pdfTeX's escape features (HO)
 (/opt/homebrew/Cellar/texlive/20250308_2/share/texmf-dist/tex/generic/ltxcmds/ltxcmds.sty
Package: ltxcmds 2023-12-04 v1.26 LaTeX kernel commands for general use (HO)
) (/opt/homebrew/Cellar/texlive/20250308_2/share/texmf-dist/tex/generic/pdftexcmds/pdftexcmds.sty
Package: pdftexcmds 2020-06-27 v0.33 Utility functions of pdfTeX for LuaTeX (HO)
 (/opt/homebrew/Cellar/texlive/20250308_2/share/texmf-dist/tex/generic/infwarerr/infwarerr.sty
Package: infwarerr 2019/12/03 v1.5 Providing info/warning/error messages (HO)
)
Package pdftexcmds Info: \pdf@primitive is available.
Package pdftexcmds Info: \pdf@ifprimitive is available.
Package pdftexcmds Info: \pdfdraftmode found.
)) (/opt/homebrew/Cellar/texlive/20250308_2/share/texmf-dist/tex/latex/hycolor/hycolor.sty
Package: hycolor 2020-01-27 v1.10 Color options for hyperref/bookmark (HO)
) (/opt/homebrew/Cellar/texlive/20250308_2/share/texmf-dist/tex/latex/hyperref/nameref.sty
Package: nameref 2023-11-26 v2.56 Cross-referencing by name of section
 (/opt/homebrew/Cellar/texlive/20250308_2/share/texmf-dist/tex/latex/refcount/refcount.sty
Package: refcount 2019/12/15 v3.6 Data extraction from label references (HO)
) (/opt/homebrew/Cellar/texlive/20250308_2/share/texmf-dist/tex/generic/gettitlestring/gettitlestring.sty
Package: gettitlestring 2019/12/15 v1.6 Cleanup title references (HO)
 (/opt/homebrew/Cellar/texlive/20250308_2/share/texmf-dist/tex/latex/kvoptions/kvoptions.sty
Package: kvoptions 2022-06-15 v3.15 Key value format for package options (HO)
))
\c@section@level=\count293
) (/opt/homebrew/Cellar/texlive/20250308_2/share/texmf-dist/tex/latex/etoolbox/etoolbox.sty
Package: etoolbox 2025/02/11 v2.5l e-TeX tools for LaTeX (JAW)
\etb@tempcnta=\count294
) (/opt/homebrew/Cellar/texlive/20250308_2/share/texmf-dist/tex/generic/stringenc/stringenc.sty
Package: stringenc 2019/11/29 v1.12 Convert strings between diff. encodings (HO)
)
\@linkdim=\dimen161
\Hy@linkcounter=\count295
\Hy@pagecounter=\count296
 (/opt/homebrew/Cellar/texlive/20250308_2/share/texmf-dist/tex/latex/hyperref/pd1enc.def
File: pd1enc.def 2024-11-05 v7.01l Hyperref: PDFDocEncoding definition (HO)
Now handling font encoding PD1 ...
... no UTF-8 mapping file for font encoding PD1
) (/opt/homebrew/Cellar/texlive/20250308_2/share/texmf-dist/tex/generic/intcalc/intcalc.sty
Package: intcalc 2019/12/15 v1.3 Expandable calculations with integers (HO)
)
\Hy@SavedSpaceFactor=\count297
 (/opt/homebrew/Cellar/texlive/20250308_2/share/texmf-dist/tex/latex/hyperref/puenc.def
File: puenc.def 2024-11-05 v7.01l Hyperref: PDF Unicode definition (HO)
Now handling font encoding PU ...
... no UTF-8 mapping file for font encoding PU
 (/opt/homebrew/Cellar/texlive/20250308_2/share/texmf-dist/tex/latex/greek-fontenc/puenc-greek.def
File: puenc-greek.def 2023-09-12 2.5 Greek LICRs for PDF strings
 (/opt/homebrew/Cellar/texlive/20250308_2/share/texmf-dist/tex/latex/greek-fontenc/greek-fontenc.def
File: greek-fontenc.def 2023-09-12 2.5 Common Greek font encoding definitions
)))
Package hyperref Info: Option `unicode' set `true' on input line 4040.
Package hyperref Info: Hyper figures OFF on input line 4157.
Package hyperref Info: Link nesting OFF on input line 4162.
Package hyperref Info: Hyper index ON on input line 4165.
Package hyperref Info: Plain pages OFF on input line 4172.
Package hyperref Info: Backreferencing OFF on input line 4177.
Package hyperref Info: Implicit mode ON; LaTeX internals redefined.
Package hyperref Info: Bookmarks ON on input line 4424.
\c@Hy@tempcnt=\count298
LaTeX Info: Redefining \url on input line 4763.
\XeTeXLinkMargin=\dimen162
 (/opt/homebrew/Cellar/texlive/20250308_2/share/texmf-dist/tex/generic/bitset/bitset.sty
Package: bitset 2019/12/09 v1.3 Handle bit-vector datatype (HO)
 (/opt/homebrew/Cellar/texlive/20250308_2/share/texmf-dist/tex/generic/bigintcalc/bigintcalc.sty
Package: bigintcalc 2019/12/15 v1.5 Expandable calculations on big integers (HO)
))
\Fld@menulength=\count299
\Field@Width=\dimen163
\Fld@charsize=\dimen164
Package hyperref Info: Hyper figures OFF on input line 6042.
Package hyperref Info: Link nesting OFF on input line 6047.
Package hyperref Info: Hyper index ON on input line 6050.
Package hyperref Info: backreferencing OFF on input line 6057.
Package hyperref Info: Link coloring OFF on input line 6062.
Package hyperref Info: Link coloring with OCG OFF on input line 6067.
Package hyperref Info: PDF/A mode OFF on input line 6072.
 (/opt/homebrew/Cellar/texlive/20250308_2/share/texmf-dist/tex/latex/base/atbegshi-ltx.sty
Package: atbegshi-ltx 2021/01/10 v1.0c Emulation of the original atbegshi
package with kernel methods
)
\Hy@abspage=\count300
\c@Item=\count301
\c@Hfootnote=\count302
)
Package hyperref Info: Driver (autodetected): hpdftex.
 (/opt/homebrew/Cellar/texlive/20250308_2/share/texmf-dist/tex/latex/hyperref/hpdftex.def
File: hpdftex.def 2024-11-05 v7.01l Hyperref driver for pdfTeX
 (/opt/homebrew/Cellar/texlive/20250308_2/share/texmf-dist/tex/latex/base/atveryend-ltx.sty
Package: atveryend-ltx 2020/08/19 v1.0a Emulation of the original atveryend package
with kernel methods
)
\Fld@listcount=\count303
\c@bookmark@seq@number=\count304
 (/opt/homebrew/Cellar/texlive/20250308_2/share/texmf-dist/tex/latex/rerunfilecheck/rerunfilecheck.sty
Package: rerunfilecheck 2022-07-10 v1.10 Rerun checks for auxiliary files (HO)
 (/opt/homebrew/Cellar/texlive/20250308_2/share/texmf-dist/tex/generic/uniquecounter/uniquecounter.sty
Package: uniquecounter 2019/12/15 v1.4 Provide unlimited unique counter (HO)
)
Package uniquecounter Info: New unique counter `rerunfilecheck' on input line 285.
)
\Hy@SectionHShift=\skip73
) (/opt/homebrew/Cellar/texlive/20250308_2/share/texmf-dist/tex/latex/bookmark/bookmark.sty
Package: bookmark 2023-12-10 v1.31 PDF bookmarks (HO)
 (/opt/homebrew/Cellar/texlive/20250308_2/share/texmf-dist/tex/latex/bookmark/bkm-pdftex.def
File: bkm-pdftex.def 2023-12-10 v1.31 bookmark driver for pdfTeX and luaTeX (HO)
\BKM@id=\count305
)) (/opt/homebrew/Cellar/texlive/20250308_2/share/texmf-dist/tex/latex/algorithms/algorithm.sty
Package: algorithm 2009/08/24 v0.1 Document Style `algorithm' - floating environment
 (/opt/homebrew/Cellar/texlive/20250308_2/share/texmf-dist/tex/latex/float/float.sty
Package: float 2001/11/08 v1.3d Float enhancements (AL)
\c@float@type=\count306
\float@exts=\toks33
\float@box=\box57
\@float@everytoks=\toks34
\@floatcapt=\box58
)
\@float@every@algorithm=\toks35
\c@algorithm=\count307
) (/opt/homebrew/Cellar/texlive/20250308_2/share/texmf-dist/tex/latex/algorithmicx/algorithmicx.sty
Package: algorithmicx 2005/04/27 v1.2 Algorithmicx

Document Style algorithmicx 1.2 - a greatly improved `algorithmic' style
\c@ALG@line=\count308
\c@ALG@rem=\count309
\c@ALG@nested=\count310
\ALG@tlm=\skip74
\ALG@thistlm=\skip75
\c@ALG@Lnr=\count311
\c@ALG@blocknr=\count312
\c@ALG@storecount=\count313
\c@ALG@tmpcounter=\count314
\ALG@tmplength=\skip76
) (/opt/homebrew/Cellar/texlive/20250308_2/share/texmf-dist/tex/latex/algorithmicx/algpseudocode.sty
Package: algpseudocode 

Document Style - pseudocode environments for use with the `algorithmicx' style
) (/opt/homebrew/Cellar/texlive/20250308_2/share/texmf-dist/tex/latex/listings/listings.sty
\lst@mode=\count315
\lst@gtempboxa=\box59
\lst@token=\toks36
\lst@length=\count316
\lst@currlwidth=\dimen165
\lst@column=\count317
\lst@pos=\count318
\lst@lostspace=\dimen166
\lst@width=\dimen167
\lst@newlines=\count319
\lst@lineno=\count320
\lst@maxwidth=\dimen168
 (/opt/homebrew/Cellar/texlive/20250308_2/share/texmf-dist/tex/latex/listings/lstpatch.sty
File: lstpatch.sty 2024/09/23 1.10c (Carsten Heinz)
) (/opt/homebrew/Cellar/texlive/20250308_2/share/texmf-dist/tex/latex/listings/lstmisc.sty
File: lstmisc.sty 2024/09/23 1.10c (Carsten Heinz)
\c@lstnumber=\count321
\lst@skipnumbers=\count322
\lst@framebox=\box60
) (/opt/homebrew/Cellar/texlive/20250308_2/share/texmf-dist/tex/latex/listings/listings.cfg
File: listings.cfg 2024/09/23 1.10c listings configuration
))
Package: listings 2024/09/23 1.10c (Carsten Heinz)
 (/opt/homebrew/Cellar/texlive/20250308_2/share/texmf-dist/tex/latex/pgf/frontendlayer/tikz.sty (/opt/homebrew/Cellar/texlive/20250308_2/share/texmf-dist/tex/latex/pgf/basiclayer/pgf.sty (/opt/homebrew/Cellar/texlive/20250308_2/share/texmf-dist/tex/latex/pgf/utilities/pgfrcs.sty (/opt/homebrew/Cellar/texlive/20250308_2/share/texmf-dist/tex/generic/pgf/utilities/pgfutil-common.tex
\pgfutil@everybye=\toks37
\pgfutil@tempdima=\dimen169
\pgfutil@tempdimb=\dimen170
) (/opt/homebrew/Cellar/texlive/20250308_2/share/texmf-dist/tex/generic/pgf/utilities/pgfutil-latex.def
\pgfutil@abb=\box61
) (/opt/homebrew/Cellar/texlive/20250308_2/share/texmf-dist/tex/generic/pgf/utilities/pgfrcs.code.tex (/opt/homebrew/Cellar/texlive/20250308_2/share/texmf-dist/tex/generic/pgf/pgf.revision.tex)
Package: pgfrcs 2023-01-15 v3.1.10 (3.1.10)
))
Package: pgf 2023-01-15 v3.1.10 (3.1.10)
 (/opt/homebrew/Cellar/texlive/20250308_2/share/texmf-dist/tex/latex/pgf/basiclayer/pgfcore.sty (/opt/homebrew/Cellar/texlive/20250308_2/share/texmf-dist/tex/latex/pgf/systemlayer/pgfsys.sty (/opt/homebrew/Cellar/texlive/20250308_2/share/texmf-dist/tex/generic/pgf/systemlayer/pgfsys.code.tex
Package: pgfsys 2023-01-15 v3.1.10 (3.1.10)
 (/opt/homebrew/Cellar/texlive/20250308_2/share/texmf-dist/tex/generic/pgf/utilities/pgfkeys.code.tex
\pgfkeys@pathtoks=\toks38
\pgfkeys@temptoks=\toks39
 (/opt/homebrew/Cellar/texlive/20250308_2/share/texmf-dist/tex/generic/pgf/utilities/pgfkeyslibraryfiltered.code.tex
\pgfkeys@tmptoks=\toks40
))
\pgf@x=\dimen171
\pgf@y=\dimen172
\pgf@xa=\dimen173
\pgf@ya=\dimen174
\pgf@xb=\dimen175
\pgf@yb=\dimen176
\pgf@xc=\dimen177
\pgf@yc=\dimen178
\pgf@xd=\dimen179
\pgf@yd=\dimen180
\w@pgf@writea=\write3
\r@pgf@reada=\read3
\c@pgf@counta=\count323
\c@pgf@countb=\count324
\c@pgf@countc=\count325
\c@pgf@countd=\count326
\t@pgf@toka=\toks41
\t@pgf@tokb=\toks42
\t@pgf@tokc=\toks43
\pgf@sys@id@count=\count327
 (/opt/homebrew/Cellar/texlive/20250308_2/share/texmf-dist/tex/generic/pgf/systemlayer/pgf.cfg
File: pgf.cfg 2023-01-15 v3.1.10 (3.1.10)
)
Driver file for pgf: pgfsys-pdftex.def
 (/opt/homebrew/Cellar/texlive/20250308_2/share/texmf-dist/tex/generic/pgf/systemlayer/pgfsys-pdftex.def
File: pgfsys-pdftex.def 2023-01-15 v3.1.10 (3.1.10)
 (/opt/homebrew/Cellar/texlive/20250308_2/share/texmf-dist/tex/generic/pgf/systemlayer/pgfsys-common-pdf.def
File: pgfsys-common-pdf.def 2023-01-15 v3.1.10 (3.1.10)
))) (/opt/homebrew/Cellar/texlive/20250308_2/share/texmf-dist/tex/generic/pgf/systemlayer/pgfsyssoftpath.code.tex
File: pgfsyssoftpath.code.tex 2023-01-15 v3.1.10 (3.1.10)
\pgfsyssoftpath@smallbuffer@items=\count328
\pgfsyssoftpath@bigbuffer@items=\count329
) (/opt/homebrew/Cellar/texlive/20250308_2/share/texmf-dist/tex/generic/pgf/systemlayer/pgfsysprotocol.code.tex
File: pgfsysprotocol.code.tex 2023-01-15 v3.1.10 (3.1.10)
)) (/opt/homebrew/Cellar/texlive/20250308_2/share/texmf-dist/tex/latex/xcolor/xcolor.sty
Package: xcolor 2024/09/29 v3.02 LaTeX color extensions (UK)
 (/opt/homebrew/Cellar/texlive/20250308_2/share/texmf-dist/tex/latex/graphics-cfg/color.cfg
File: color.cfg 2016/01/02 v1.6 sample color configuration
)

Package xcolor Warning: Package option `hyperref' is obsolete and ignored on input line 265.

Package xcolor Info: Driver file: pdftex.def on input line 274.
(/opt/homebrew/Cellar/texlive/20250308_2/share/texmf-dist/tex/latex/graphics/mathcolor.ltx)
Package xcolor Info: Model `cmy' substituted by `cmy0' on input line 1349.
Package xcolor Info: Model `hsb' substituted by `rgb' on input line 1353.
Package xcolor Info: Model `RGB' extended on input line 1365.
Package xcolor Info: Model `HTML' substituted by `rgb' on input line 1367.
Package xcolor Info: Model `Hsb' substituted by `hsb' on input line 1368.
Package xcolor Info: Model `tHsb' substituted by `hsb' on input line 1369.
Package xcolor Info: Model `HSB' substituted by `hsb' on input line 1370.
Package xcolor Info: Model `Gray' substituted by `gray' on input line 1371.
Package xcolor Info: Model `wave' substituted by `hsb' on input line 1372.
) (/opt/homebrew/Cellar/texlive/20250308_2/share/texmf-dist/tex/generic/pgf/basiclayer/pgfcore.code.tex
Package: pgfcore 2023-01-15 v3.1.10 (3.1.10)
 (/opt/homebrew/Cellar/texlive/20250308_2/share/texmf-dist/tex/generic/pgf/math/pgfmath.code.tex (/opt/homebrew/Cellar/texlive/20250308_2/share/texmf-dist/tex/generic/pgf/math/pgfmathutil.code.tex) (/opt/homebrew/Cellar/texlive/20250308_2/share/texmf-dist/tex/generic/pgf/math/pgfmathparser.code.tex
\pgfmath@dimen=\dimen181
\pgfmath@count=\count330
\pgfmath@box=\box62
\pgfmath@toks=\toks44
\pgfmath@stack@operand=\toks45
\pgfmath@stack@operation=\toks46
) (/opt/homebrew/Cellar/texlive/20250308_2/share/texmf-dist/tex/generic/pgf/math/pgfmathfunctions.code.tex) (/opt/homebrew/Cellar/texlive/20250308_2/share/texmf-dist/tex/generic/pgf/math/pgfmathfunctions.basic.code.tex) (/opt/homebrew/Cellar/texlive/20250308_2/share/texmf-dist/tex/generic/pgf/math/pgfmathfunctions.trigonometric.code.tex) (/opt/homebrew/Cellar/texlive/20250308_2/share/texmf-dist/tex/generic/pgf/math/pgfmathfunctions.random.code.tex) (/opt/homebrew/Cellar/texlive/20250308_2/share/texmf-dist/tex/generic/pgf/math/pgfmathfunctions.comparison.code.tex) (/opt/homebrew/Cellar/texlive/20250308_2/share/texmf-dist/tex/generic/pgf/math/pgfmathfunctions.base.code.tex) (/opt/homebrew/Cellar/texlive/20250308_2/share/texmf-dist/tex/generic/pgf/math/pgfmathfunctions.round.code.tex) (/opt/homebrew/Cellar/texlive/20250308_2/share/texmf-dist/tex/generic/pgf/math/pgfmathfunctions.misc.code.tex) (/opt/homebrew/Cellar/texlive/20250308_2/share/texmf-dist/tex/generic/pgf/math/pgfmathfunctions.integerarithmetics.code.tex) (/opt/homebrew/Cellar/texlive/20250308_2/share/texmf-dist/tex/generic/pgf/math/pgfmathcalc.code.tex) (/opt/homebrew/Cellar/texlive/20250308_2/share/texmf-dist/tex/generic/pgf/math/pgfmathfloat.code.tex
\c@pgfmathroundto@lastzeros=\count331
)) (/opt/homebrew/Cellar/texlive/20250308_2/share/texmf-dist/tex/generic/pgf/math/pgfint.code.tex) (/opt/homebrew/Cellar/texlive/20250308_2/share/texmf-dist/tex/generic/pgf/basiclayer/pgfcorepoints.code.tex
File: pgfcorepoints.code.tex 2023-01-15 v3.1.10 (3.1.10)
\pgf@picminx=\dimen182
\pgf@picmaxx=\dimen183
\pgf@picminy=\dimen184
\pgf@picmaxy=\dimen185
\pgf@pathminx=\dimen186
\pgf@pathmaxx=\dimen187
\pgf@pathminy=\dimen188
\pgf@pathmaxy=\dimen189
\pgf@xx=\dimen190
\pgf@xy=\dimen191
\pgf@yx=\dimen192
\pgf@yy=\dimen193
\pgf@zx=\dimen194
\pgf@zy=\dimen195
) (/opt/homebrew/Cellar/texlive/20250308_2/share/texmf-dist/tex/generic/pgf/basiclayer/pgfcorepathconstruct.code.tex
File: pgfcorepathconstruct.code.tex 2023-01-15 v3.1.10 (3.1.10)
\pgf@path@lastx=\dimen196
\pgf@path@lasty=\dimen197
) (/opt/homebrew/Cellar/texlive/20250308_2/share/texmf-dist/tex/generic/pgf/basiclayer/pgfcorepathusage.code.tex
File: pgfcorepathusage.code.tex 2023-01-15 v3.1.10 (3.1.10)
\pgf@shorten@end@additional=\dimen198
\pgf@shorten@start@additional=\dimen199
) (/opt/homebrew/Cellar/texlive/20250308_2/share/texmf-dist/tex/generic/pgf/basiclayer/pgfcorescopes.code.tex
File: pgfcorescopes.code.tex 2023-01-15 v3.1.10 (3.1.10)
\pgfpic=\box63
\pgf@hbox=\box64
\pgf@layerbox@main=\box65
\pgf@picture@serial@count=\count332
) (/opt/homebrew/Cellar/texlive/20250308_2/share/texmf-dist/tex/generic/pgf/basiclayer/pgfcoregraphicstate.code.tex
File: pgfcoregraphicstate.code.tex 2023-01-15 v3.1.10 (3.1.10)
\pgflinewidth=\dimen256
) (/opt/homebrew/Cellar/texlive/20250308_2/share/texmf-dist/tex/generic/pgf/basiclayer/pgfcoretransformations.code.tex
File: pgfcoretransformations.code.tex 2023-01-15 v3.1.10 (3.1.10)
\pgf@pt@x=\dimen257
\pgf@pt@y=\dimen258
\pgf@pt@temp=\dimen259
) (/opt/homebrew/Cellar/texlive/20250308_2/share/texmf-dist/tex/generic/pgf/basiclayer/pgfcorequick.code.tex
File: pgfcorequick.code.tex 2023-01-15 v3.1.10 (3.1.10)
) (/opt/homebrew/Cellar/texlive/20250308_2/share/texmf-dist/tex/generic/pgf/basiclayer/pgfcoreobjects.code.tex
File: pgfcoreobjects.code.tex 2023-01-15 v3.1.10 (3.1.10)
) (/opt/homebrew/Cellar/texlive/20250308_2/share/texmf-dist/tex/generic/pgf/basiclayer/pgfcorepathprocessing.code.tex
File: pgfcorepathprocessing.code.tex 2023-01-15 v3.1.10 (3.1.10)
) (/opt/homebrew/Cellar/texlive/20250308_2/share/texmf-dist/tex/generic/pgf/basiclayer/pgfcorearrows.code.tex
File: pgfcorearrows.code.tex 2023-01-15 v3.1.10 (3.1.10)
\pgfarrowsep=\dimen260
) (/opt/homebrew/Cellar/texlive/20250308_2/share/texmf-dist/tex/generic/pgf/basiclayer/pgfcoreshade.code.tex
File: pgfcoreshade.code.tex 2023-01-15 v3.1.10 (3.1.10)
\pgf@max=\dimen261
\pgf@sys@shading@range@num=\count333
\pgf@shadingcount=\count334
) (/opt/homebrew/Cellar/texlive/20250308_2/share/texmf-dist/tex/generic/pgf/basiclayer/pgfcoreimage.code.tex
File: pgfcoreimage.code.tex 2023-01-15 v3.1.10 (3.1.10)
) (/opt/homebrew/Cellar/texlive/20250308_2/share/texmf-dist/tex/generic/pgf/basiclayer/pgfcoreexternal.code.tex
File: pgfcoreexternal.code.tex 2023-01-15 v3.1.10 (3.1.10)
\pgfexternal@startupbox=\box66
) (/opt/homebrew/Cellar/texlive/20250308_2/share/texmf-dist/tex/generic/pgf/basiclayer/pgfcorelayers.code.tex
File: pgfcorelayers.code.tex 2023-01-15 v3.1.10 (3.1.10)
) (/opt/homebrew/Cellar/texlive/20250308_2/share/texmf-dist/tex/generic/pgf/basiclayer/pgfcoretransparency.code.tex
File: pgfcoretransparency.code.tex 2023-01-15 v3.1.10 (3.1.10)
) (/opt/homebrew/Cellar/texlive/20250308_2/share/texmf-dist/tex/generic/pgf/basiclayer/pgfcorepatterns.code.tex
File: pgfcorepatterns.code.tex 2023-01-15 v3.1.10 (3.1.10)
) (/opt/homebrew/Cellar/texlive/20250308_2/share/texmf-dist/tex/generic/pgf/basiclayer/pgfcorerdf.code.tex
File: pgfcorerdf.code.tex 2023-01-15 v3.1.10 (3.1.10)
))) (/opt/homebrew/Cellar/texlive/20250308_2/share/texmf-dist/tex/generic/pgf/modules/pgfmoduleshapes.code.tex
File: pgfmoduleshapes.code.tex 2023-01-15 v3.1.10 (3.1.10)
\pgfnodeparttextbox=\box67
) (/opt/homebrew/Cellar/texlive/20250308_2/share/texmf-dist/tex/generic/pgf/modules/pgfmoduleplot.code.tex
File: pgfmoduleplot.code.tex 2023-01-15 v3.1.10 (3.1.10)
) (/opt/homebrew/Cellar/texlive/20250308_2/share/texmf-dist/tex/latex/pgf/compatibility/pgfcomp-version-0-65.sty
Package: pgfcomp-version-0-65 2023-01-15 v3.1.10 (3.1.10)
\pgf@nodesepstart=\dimen262
\pgf@nodesepend=\dimen263
) (/opt/homebrew/Cellar/texlive/20250308_2/share/texmf-dist/tex/latex/pgf/compatibility/pgfcomp-version-1-18.sty
Package: pgfcomp-version-1-18 2023-01-15 v3.1.10 (3.1.10)
)) (/opt/homebrew/Cellar/texlive/20250308_2/share/texmf-dist/tex/latex/pgf/utilities/pgffor.sty (/opt/homebrew/Cellar/texlive/20250308_2/share/texmf-dist/tex/latex/pgf/utilities/pgfkeys.sty (/opt/homebrew/Cellar/texlive/20250308_2/share/texmf-dist/tex/generic/pgf/utilities/pgfkeys.code.tex)) (/opt/homebrew/Cellar/texlive/20250308_2/share/texmf-dist/tex/latex/pgf/math/pgfmath.sty (/opt/homebrew/Cellar/texlive/20250308_2/share/texmf-dist/tex/generic/pgf/math/pgfmath.code.tex)) (/opt/homebrew/Cellar/texlive/20250308_2/share/texmf-dist/tex/generic/pgf/utilities/pgffor.code.tex
Package: pgffor 2023-01-15 v3.1.10 (3.1.10)
\pgffor@iter=\dimen264
\pgffor@skip=\dimen265
\pgffor@stack=\toks47
\pgffor@toks=\toks48
)) (/opt/homebrew/Cellar/texlive/20250308_2/share/texmf-dist/tex/generic/pgf/frontendlayer/tikz/tikz.code.tex
Package: tikz 2023-01-15 v3.1.10 (3.1.10)
 (/opt/homebrew/Cellar/texlive/20250308_2/share/texmf-dist/tex/generic/pgf/libraries/pgflibraryplothandlers.code.tex
File: pgflibraryplothandlers.code.tex 2023-01-15 v3.1.10 (3.1.10)
\pgf@plot@mark@count=\count335
\pgfplotmarksize=\dimen266
)
\tikz@lastx=\dimen267
\tikz@lasty=\dimen268
\tikz@lastxsaved=\dimen269
\tikz@lastysaved=\dimen270
\tikz@lastmovetox=\dimen271
\tikz@lastmovetoy=\dimen272
\tikzleveldistance=\dimen273
\tikzsiblingdistance=\dimen274
\tikz@figbox=\box68
\tikz@figbox@bg=\box69
\tikz@tempbox=\box70
\tikz@tempbox@bg=\box71
\tikztreelevel=\count336
\tikznumberofchildren=\count337
\tikznumberofcurrentchild=\count338
\tikz@fig@count=\count339
 (/opt/homebrew/Cellar/texlive/20250308_2/share/texmf-dist/tex/generic/pgf/modules/pgfmodulematrix.code.tex
File: pgfmodulematrix.code.tex 2023-01-15 v3.1.10 (3.1.10)
\pgfmatrixcurrentrow=\count340
\pgfmatrixcurrentcolumn=\count341
\pgf@matrix@numberofcolumns=\count342
)
\tikz@expandcount=\count343
 (/opt/homebrew/Cellar/texlive/20250308_2/share/texmf-dist/tex/generic/pgf/frontendlayer/tikz/libraries/tikzlibrarytopaths.code.tex
File: tikzlibrarytopaths.code.tex 2023-01-15 v3.1.10 (3.1.10)
))) (/opt/homebrew/Cellar/texlive/20250308_2/share/texmf-dist/tex/latex/tools/calc.sty
Package: calc 2023/07/08 v4.3 Infix arithmetic (KKT,FJ)
\calc@Acount=\count344
\calc@Bcount=\count345
\calc@Adimen=\dimen275
\calc@Bdimen=\dimen276
\calc@Askip=\skip77
\calc@Bskip=\skip78
LaTeX Info: Redefining \setlength on input line 80.
LaTeX Info: Redefining \addtolength on input line 81.
\calc@Ccount=\count346
\calc@Cskip=\skip79
) (/opt/homebrew/Cellar/texlive/20250308_2/share/texmf-dist/tex/latex/titlesec/titlesec.sty
Package: titlesec 2025/01/04 v2.17 Sectioning titles
\ttl@box=\box72
\beforetitleunit=\skip80
\aftertitleunit=\skip81
\ttl@plus=\dimen277
\ttl@minus=\dimen278
\ttl@toksa=\toks49
\titlewidth=\dimen279
\titlewidthlast=\dimen280
\titlewidthfirst=\dimen281
) (/opt/homebrew/Cellar/texlive/20250308_2/share/texmf-dist/tex/latex/setspace/setspace.sty
Package: setspace 2022/12/04 v6.7b set line spacing
)
\c@ttlp@side=\count347
\ttlp@side=\count348
 (/opt/homebrew/Cellar/texlive/20250308_2/share/texmf-dist/tex/latex/epstopdf-pkg/epstopdf.sty
Package: epstopdf 2020-01-24 v2.11 Conversion with epstopdf on the fly (HO)
 (/opt/homebrew/Cellar/texlive/20250308_2/share/texmf-dist/tex/latex/grfext/grfext.sty
Package: grfext 2019/12/03 v1.3 Manage graphics extensions (HO)
) (/opt/homebrew/Cellar/texlive/20250308_2/share/texmf-dist/tex/latex/epstopdf-pkg/epstopdf-base.sty
Package: epstopdf-base 2020-01-24 v2.11 Base part for package epstopdf
Package epstopdf-base Info: Redefining graphics rule for `.eps' on input line 485.
Package grfext Info: Graphics extension search list:
(grfext)             [.pdf,.png,.jpg,.mps,.jpeg,.jbig2,.jb2,.PDF,.PNG,.JPG,.JPEG,.JBIG2,.JB2,.eps]
(grfext)             \AppendGraphicsExtensions on input line 504.
 (/opt/homebrew/Cellar/texlive/20250308_2/share/texmf-dist/tex/latex/latexconfig/epstopdf-sys.cfg
File: epstopdf-sys.cfg 2010/07/13 v1.3 Configuration of (r)epstopdf for TeX Live
))) (/opt/homebrew/Cellar/texlive/20250308_2/share/texmf-dist/tex/latex/tools/indentfirst.sty
Package: indentfirst 2023/07/02 v1.03 Indent first paragraph (DPC)
) (/opt/homebrew/Cellar/texlive/20250308_2/share/texmf-dist/tex/latex/tools/verbatim.sty
Package: verbatim 2024-01-22 v1.5x LaTeX2e package for verbatim enhancements
\every@verbatim=\toks50
\verbatim@line=\toks51
\verbatim@in@stream=\read4
) (/opt/homebrew/Cellar/texlive/20250308_2/share/texmf-dist/tex/latex/base/latexsym.sty
Package: latexsym 1998/08/17 v2.2e Standard LaTeX package (lasy symbols)
\symlasy=\mathgroup11
LaTeX Font Info:    Overwriting symbol font `lasy' in version `bold'
(Font)                  U/lasy/m/n --> U/lasy/b/n on input line 52.
) (/opt/homebrew/Cellar/texlive/20250308_2/share/texmf-dist/tex/latex/hyphenat/hyphenat.sty
Package: hyphenat 2009/09/02 v2.3c hyphenation utilities
\langwohyphens=\language91
LaTeX Info: Redefining \_ on input line 43.
)
\c@definition=\count349
\c@proposition=\count350
\c@theorem=\count351
\c@corollary=\count352
\c@lemma=\count353
\c@example=\count354
\c@remark=\count355
\c@notation=\count356
\c@law=\count357
 (/opt/homebrew/Cellar/texlive/20250308_2/share/texmf-dist/tex/latex/caption/caption.sty
Package: caption 2023/08/05 v3.6o Customizing captions (AR)
 (/opt/homebrew/Cellar/texlive/20250308_2/share/texmf-dist/tex/latex/caption/caption3.sty
Package: caption3 2023/07/31 v2.4d caption3 kernel (AR)
\caption@tempdima=\dimen282
\captionmargin=\dimen283
\caption@leftmargin=\dimen284
\caption@rightmargin=\dimen285
\caption@width=\dimen286
\caption@indent=\dimen287
\caption@parindent=\dimen288
\caption@hangindent=\dimen289
Package caption Info: Standard document class detected.
)
\c@caption@flags=\count358
\c@continuedfloat=\count359
Package caption Info: float package is loaded.
Package caption Info: hyperref package is loaded.
Package caption Info: listings package is loaded.
) (/opt/homebrew/Cellar/texlive/20250308_2/share/texmf-dist/tex/latex/lettrine/lettrine.sty
File: lettrine.sty 2025-01-30 v2.80 (Daniel Flipo)
 (/opt/homebrew/Cellar/texlive/20250308_2/share/texmf-dist/tex/latex/l3packages/xfp/xfp.sty (/opt/homebrew/Cellar/texlive/20250308_2/share/texmf-dist/tex/latex/l3kernel/expl3.sty
Package: expl3 2025-01-18 L3 programming layer (loader) 
 (/opt/homebrew/Cellar/texlive/20250308_2/share/texmf-dist/tex/latex/l3backend/l3backend-pdftex.def
File: l3backend-pdftex.def 2024-05-08 L3 backend support: PDF output (pdfTeX)
\l__color_backend_stack_int=\count360
\l__pdf_internal_box=\box73
))
Package: xfp 2024-08-16 L3 Floating point unit
)
\c@DefaultLines=\count361
\c@DefaultDepth=\count362
\DefaultFindent=\dimen290
\DefaultNindent=\dimen291
\DefaultSlope=\dimen292
\DiscardVskip=\dimen293
\L@lettrine=\box74
\L@lbox=\box75
\L@tbox=\box76
\c@L@lines=\count363
\c@L@depth=\count364
\L@Pindent=\dimen294
\L@Findent=\dimen295
\L@Nindent=\dimen296
\L@lraise=\dimen297
\L@first=\dimen298
\L@next=\dimen299
\L@slope=\dimen300
\L@height=\dimen301
\L@novskip=\dimen302
\L@target@ht=\dimen303
\L@target@dp=\dimen304
\L@target@tht=\dimen305
\LettrineWidth=\dimen306
\LettrineHeight=\dimen307
\LettrineDepth=\dimen308
\L@finalht=\dimen309
\L@finaldp=\dimen310

Loading lettrine.cfg
(/opt/homebrew/Cellar/texlive/20250308_2/share/texmf-dist/tex/latex/lettrine/lettrine.cfg)
\Lettrine@tweaks=\toks52
\Llist@everypar=\toks53
)
LaTeX Font Info:    Trying to load font information for LGR+cmr on input line 1761.
 (/opt/homebrew/Cellar/texlive/20250308_2/share/texmf-dist/tex/latex/cbfonts-fd/lgrcmr.fd
File: lgrcmr.fd 2017/07/29 v1.2 Greek European Computer Regular
))
Package hyperref Info: Option `colorlinks' set `true' on input line 246.
Package hyperref Info: Option `unicode' set `true' on input line 246.
 (/opt/homebrew/Cellar/texlive/20250308_2/share/texmf-dist/tex/generic/stringenc/se-pdfdoc.def
File: se-pdfdoc.def 2019/11/29 v1.12 stringenc: PDFDocEncoding
) (/opt/homebrew/Cellar/texlive/20250308_2/share/texmf-dist/tex/latex/hypcap/hypcap.sty
Package: hypcap 2024-07-26 v1.13 Adjusting the anchors of captions (HO)
 (/opt/homebrew/Cellar/texlive/20250308_2/share/texmf-dist/tex/latex/letltxmacro/letltxmacro.sty
Package: letltxmacro 2019/12/03 v1.6 Let assignment for LaTeX macros (HO)
))
LaTeX Font Info:    Trying to load font information for LGR+mak on input line 246.
 (/opt/homebrew/Cellar/texlive/20250308_2/share/texmf-dist/tex/latex/kerkis/lgrmak.fd)
LaTeX Font Info:    Font shape `LGR/mak/m/n' will be
(Font)              scaled to size 9.85492pt on input line 246.
 (./main.aux
LaTeX Font Info:    Trying to load font information for T1+mak on input line 9.
 (/opt/homebrew/Cellar/texlive/20250308_2/share/texmf-dist/tex/latex/kerkis/t1mak.fd)
LaTeX Font Info:    Font shape `T1/mak/m/n' will be
(Font)              scaled to size 9.85492pt on input line 9.
 (./front_matter/abstract.aux) (./front_matter/acknowledgements.aux) (./front_matter/preface.aux) (./body_matter/intro.aux) (./body_matter/chap2.aux) (./body_matter/chap3.aux) (./body_matter/chap4.aux) (./body_matter/chap5.aux) (./body_matter/chap6.aux) (./body_matter/chap7.aux) (./body_matter/chap8.aux) (./body_matter/chap9.aux) (./back_matter/appA.aux) (./back_matter/appB.aux) (./back_matter/appC.aux) (./back_matter/appD.aux) (./back_matter/appE.aux))
\openout1 = `main.aux'.

LaTeX Font Info:    Checking defaults for OML/txmi/m/it on input line 246.
LaTeX Font Info:    Trying to load font information for OML+txmi on input line 246.
 (/opt/homebrew/Cellar/texlive/20250308_2/share/texmf-dist/tex/latex/txfonts/omltxmi.fd
File: omltxmi.fd 2000/12/15 v3.1
)
LaTeX Font Info:    ... okay on input line 246.
LaTeX Font Info:    Checking defaults for OMS/txsy/m/n on input line 246.
LaTeX Font Info:    Trying to load font information for OMS+txsy on input line 246.
 (/opt/homebrew/Cellar/texlive/20250308_2/share/texmf-dist/tex/latex/txfonts/omstxsy.fd
File: omstxsy.fd 2000/12/15 v3.1
)
LaTeX Font Info:    ... okay on input line 246.
LaTeX Font Info:    Checking defaults for OT1/cmr/m/n on input line 246.
LaTeX Font Info:    ... okay on input line 246.
LaTeX Font Info:    Checking defaults for T1/cmr/m/n on input line 246.
LaTeX Font Info:    ... okay on input line 246.
LaTeX Font Info:    Checking defaults for TS1/cmr/m/n on input line 246.
LaTeX Font Info:    ... okay on input line 246.
LaTeX Font Info:    Checking defaults for OMX/txex/m/n on input line 246.
LaTeX Font Info:    Trying to load font information for OMX+txex on input line 246.
 (/opt/homebrew/Cellar/texlive/20250308_2/share/texmf-dist/tex/latex/txfonts/omxtxex.fd
File: omxtxex.fd 2000/12/15 v3.1
)
LaTeX Font Info:    ... okay on input line 246.
LaTeX Font Info:    Checking defaults for U/txexa/m/n on input line 246.
LaTeX Font Info:    Trying to load font information for U+txexa on input line 246.
 (/opt/homebrew/Cellar/texlive/20250308_2/share/texmf-dist/tex/latex/txfonts/utxexa.fd
File: utxexa.fd 2000/12/15 v3.1
)
LaTeX Font Info:    ... okay on input line 246.
LaTeX Font Info:    Checking defaults for LGR/cmr/m/n on input line 246.
LaTeX Font Info:    ... okay on input line 246.
LaTeX Font Info:    Checking defaults for PD1/pdf/m/n on input line 246.
LaTeX Font Info:    ... okay on input line 246.
LaTeX Font Info:    Checking defaults for PU/pdf/m/n on input line 246.
LaTeX Font Info:    ... okay on input line 246.
 (/opt/homebrew/Cellar/texlive/20250308_2/share/texmf-dist/tex/context/base/mkii/supp-pdf.mkii
[Loading MPS to PDF converter (version 2006.09.02).]
\scratchcounter=\count365
\scratchdimen=\dimen311
\scratchbox=\box77
\nofMPsegments=\count366
\nofMParguments=\count367
\everyMPshowfont=\toks54
\MPscratchCnt=\count368
\MPscratchDim=\dimen312
\MPnumerator=\count369
\makeMPintoPDFobject=\count370
\everyMPtoPDFconversion=\toks55
)
Package newfloat Info: `float' package detected.
Package hyperref Info: Link coloring ON on input line 246.
\c@lstlisting=\count371
Package caption Info: Begin \AtBeginDocument code.
Package caption Info: hypcap package is loaded.
Package caption Info: End \AtBeginDocument code.
LaTeX Font Info:    Trying to load font information for OT1+txr on input line 249.
 (/opt/homebrew/Cellar/texlive/20250308_2/share/texmf-dist/tex/latex/txfonts/ot1txr.fd
File: ot1txr.fd 2000/12/15 v3.1
)
LaTeX Font Info:    Trying to load font information for OML+mak on input line 249.
 (/opt/homebrew/Cellar/texlive/20250308_2/share/texmf-dist/tex/latex/kerkis/omlmak.fd)
LaTeX Font Info:    Font shape `OML/mak/m/it' will be
(Font)              scaled to size 9.85492pt on input line 249.
LaTeX Font Info:    Font shape `OML/mak/m/it' will be
(Font)              scaled to size 7.19995pt on input line 249.
LaTeX Font Info:    Font shape `OML/mak/m/it' will be
(Font)              scaled to size 5.39996pt on input line 249.
LaTeX Font Info:    Trying to load font information for U+txsya on input line 249.
 (/opt/homebrew/Cellar/texlive/20250308_2/share/texmf-dist/tex/latex/txfonts/utxsya.fd
File: utxsya.fd 2000/12/15 v3.1
)
LaTeX Font Info:    Trying to load font information for U+txsyb on input line 249.
 (/opt/homebrew/Cellar/texlive/20250308_2/share/texmf-dist/tex/latex/txfonts/utxsyb.fd
File: utxsyb.fd 2000/12/15 v3.1
)
LaTeX Font Info:    Trying to load font information for U+txmia on input line 249.
 (/opt/homebrew/Cellar/texlive/20250308_2/share/texmf-dist/tex/latex/txfonts/utxmia.fd
File: utxmia.fd 2000/12/15 v3.1
)
LaTeX Font Info:    Trying to load font information for U+txsyc on input line 249.
 (/opt/homebrew/Cellar/texlive/20250308_2/share/texmf-dist/tex/latex/txfonts/utxsyc.fd
File: utxsyc.fd 2000/12/15 v3.1
)
LaTeX Font Info:    Font shape `T1/mak/m/n' will be
(Font)              scaled to size 7.19995pt on input line 249.
LaTeX Font Info:    Font shape `T1/mak/m/n' will be
(Font)              scaled to size 5.39996pt on input line 249.
LaTeX Font Info:    Trying to load font information for U+lasy on input line 249.
 (/opt/homebrew/Cellar/texlive/20250308_2/share/texmf-dist/tex/latex/base/ulasy.fd
File: ulasy.fd 1998/08/17 v2.2e LaTeX symbol font definitions
)
Package epstopdf Info: Source file: <logo/pyrforos.eps>
(epstopdf)                    date: 2025-12-16 19:35:37
(epstopdf)                    size: 143946 bytes
(epstopdf)             Output file: <logo/pyrforos-eps-converted-to.pdf>
(epstopdf)                    date: 2025-12-16 19:35:37
(epstopdf)                    size: 58500 bytes
(epstopdf)             Command: <repstopdf --outfile=logo/pyrforos-eps-converted-to.pdf logo/pyrforos.eps>
(epstopdf)             \includegraphics on input line 249.
Package epstopdf Info: Output file is already uptodate.
<logo/pyrforos-eps-converted-to.pdf, id=7, 557.08125pt x 557.08125pt>
File: logo/pyrforos-eps-converted-to.pdf Graphic file (type pdf)
<use logo/pyrforos-eps-converted-to.pdf>
Package pdftex.def Info: logo/pyrforos-eps-converted-to.pdf  used on input line 249.
(pdftex.def)             Requested size: 71.13188pt x 71.13104pt.
LaTeX Font Info:    Font shape `LGR/mak/m/n' will be
(Font)              scaled to size 10.79993pt on input line 249.
LaTeX Font Info:    Font shape `LGR/mak/m/sc' will be
(Font)              scaled to size 10.79993pt on input line 249.
LaTeX Font Info:    Font shape `LGR/mak/m/n' will be
(Font)              scaled to size 8.99994pt on input line 249.
LaTeX Font Info:    Font shape `LGR/mak/m/sc' will be
(Font)              scaled to size 8.99994pt on input line 249.

Overfull \hbox (95.13191pt too wide) in paragraph at lines 249--249
 [][] 
 []

LaTeX Font Info:    Font shape `LGR/mak/m/n' will be
(Font)              scaled to size 18.66588pt on input line 249.
LaTeX Font Info:    Font shape `LGR/mak/m/n' will be
(Font)              scaled to size 17.35912pt on input line 249.
LaTeX Font Info:    Font shape `LGR/mak/b/n' will be
(Font)              scaled to size 17.35912pt on input line 249.
LaTeX Font Info:    Font shape `T1/mak/b/n' will be
(Font)              scaled to size 17.35912pt on input line 249.
LaTeX Font Info:    Font shape `LGR/mak/m/n' will be
(Font)              scaled to size 12.9599pt on input line 249.
LaTeX Font Info:    Font shape `LGR/mak/m/it' will be
(Font)              scaled to size 12.9599pt on input line 249.
LaTeX Font Info:    Font shape `LGR/mak/m/sc' will be
(Font)              scaled to size 18.66588pt on input line 249.
LaTeX Font Info:    Font shape `LGR/mak/m/sc' will be
(Font)              scaled to size 17.35912pt on input line 249.
LaTeX Font Info:    Font shape `LGR/mak/m/n' will be
(Font)              scaled to size 12.0526pt on input line 249.
LaTeX Font Info:    Font shape `LGR/mak/b/n' will be
(Font)              scaled to size 12.0526pt on input line 249.
<figures/rdf.png, id=8, 109.40875pt x 119.44624pt>
File: figures/rdf.png Graphic file (type png)
<use figures/rdf.png>
Package pdftex.def Info: figures/rdf.png  used on input line 249.
(pdftex.def)             Requested size: 87.5271pt x 95.55711pt.
LaTeX Font Info:    Font shape `LGR/mak/b/n' will be
(Font)              scaled to size 10.79993pt on input line 249.


[1


{/opt/homebrew/Cellar/texlive/20250308_2/share/texmf-dist/fonts/map/pdftex/updmap/pdftex.map}{/opt/homebrew/Cellar/texlive/20250308_2/share/texmf-dist/fonts/enc/dvips/kerkis/gpkerkis.enc}{/opt/homebrew/Cellar/texlive/20250308_2/share/texmf-dist/fonts/enc/dvips/kerkis/kerkisec.enc} <./logo/pyrforos-eps-converted-to.pdf> <./figures/rdf.png>]
LaTeX Font Info:    Font shape `LGR/mak/m/n' will be
(Font)              scaled to size 5.39996pt on input line 249.


[2

]
Package epstopdf Info: Source file: <logo/pyrforos.eps>
(epstopdf)                    date: 2025-12-16 19:35:37
(epstopdf)                    size: 143946 bytes
(epstopdf)             Output file: <logo/pyrforos-eps-converted-to.pdf>
(epstopdf)                    date: 2025-12-16 19:35:37
(epstopdf)                    size: 58500 bytes
(epstopdf)             Command: <repstopdf --outfile=logo/pyrforos-eps-converted-to.pdf logo/pyrforos.eps>
(epstopdf)             \includegraphics on input line 249.
Package epstopdf Info: Output file is already uptodate.
File: logo/pyrforos-eps-converted-to.pdf Graphic file (type pdf)
<use logo/pyrforos-eps-converted-to.pdf>
Package pdftex.def Info: logo/pyrforos-eps-converted-to.pdf  used on input line 249.
(pdftex.def)             Requested size: 45.52458pt x 45.51944pt.
LaTeX Font Info:    Font shape `LGR/mak/m/sc' will be
(Font)              scaled to size 9.85492pt on input line 249.
LaTeX Font Info:    Font shape `LGR/mak/m/n' will be
(Font)              scaled to size 15.55188pt on input line 249.
LaTeX Font Info:    Font shape `LGR/mak/b/n' will be
(Font)              scaled to size 15.55188pt on input line 249.
LaTeX Font Info:    Font shape `T1/mak/b/n' will be
(Font)              scaled to size 15.55188pt on input line 249.
LaTeX Font Info:    Font shape `LGR/mak/b/n' will be
(Font)              scaled to size 12.9599pt on input line 249.
LaTeX Font Info:    Font shape `LGR/mak/m/it' will be
(Font)              scaled to size 9.85492pt on input line 249.


[3]

[4]
Package epstopdf Info: Source file: <logo/pyrforos.eps>
(epstopdf)                    date: 2025-12-16 19:35:37
(epstopdf)                    size: 143946 bytes
(epstopdf)             Output file: <logo/pyrforos-eps-converted-to.pdf>
(epstopdf)                    date: 2025-12-16 19:35:37
(epstopdf)                    size: 58500 bytes
(epstopdf)             Command: <repstopdf --outfile=logo/pyrforos-eps-converted-to.pdf logo/pyrforos.eps>
(epstopdf)             \includegraphics on input line 249.
Package epstopdf Info: Output file is already uptodate.
File: logo/pyrforos-eps-converted-to.pdf Graphic file (type pdf)
<use logo/pyrforos-eps-converted-to.pdf>
Package pdftex.def Info: logo/pyrforos-eps-converted-to.pdf  used on input line 249.
(pdftex.def)             Requested size: 45.52458pt x 45.51944pt.
LaTeX Font Info:    Trying to load font information for TS1+mak on input line 249.
LaTeX Font Info:    No file TS1mak.fd. on input line 249.


LaTeX Font Warning: Font shape `TS1/mak/m/n' undefined
(Font)              using `TS1/cmr/m/n' instead
(Font)              for symbol `textcopyright' on input line 249.

LaTeX Font Info:    Font shape `LGR/mak/b/n' will be
(Font)              scaled to size 9.85492pt on input line 249.


[5

{/opt/homebrew/Cellar/texlive/20250308_2/share/texmf-dist/fonts/enc/dvips/cm-super/cm-super-ts1.enc}]

[6

]
\openout2 = `front_matter/abstract.aux'.

 (./front_matter/abstract.tex
LaTeX Font Info:    Font shape `LGR/mak/b/n' will be
(Font)              scaled to size 18.66588pt on input line 1.



pdfTeX warning (ext4): destination with the same identifier (name{page.1}) has been already used, duplicate ignored
<to be read again> 
                   \relax 
l.32 \end{abstract}
                    [1


]


pdfTeX warning (ext4): destination with the same identifier (name{page.2}) has been already used, duplicate ignored
<to be read again> 
                   \relax 
l.36 \begin{abstracteng}
                         [2

]
LaTeX Font Info:    Font shape `T1/mak/b/n' will be
(Font)              scaled to size 12.9599pt on input line 59.
)


pdfTeX warning (ext4): destination with the same identifier (name{page.3}) has been already used, duplicate ignored
<to be read again> 
                   \relax 
l.253 	\include{front_matter/abstract}
                                       [3]


pdfTeX warning (ext4): destination with the same identifier (name{page.4}) has been already used, duplicate ignored
<to be read again> 
                   \relax 
l.255 ...    }
                                                   [4



]
Underfull \hbox (badness 10000) in paragraph at lines 255--255

 []


Underfull \hbox (badness 10000) in paragraph at lines 255--255

 []




pdfTeX warning (ext4): destination with the same identifier (name{page.5}) has been already used, duplicate ignored
<to be read again> 
                   \relax 
l.257 	\include
               {front_matter/acknowledgements} [5]
\openout2 = `front_matter/acknowledgements.aux'.

 (./front_matter/acknowledgements.tex


pdfTeX warning (ext4): destination with the same identifier (name{page.6}) has been already used, duplicate ignored
<to be read again> 
                   \relax 
l.8 \begin{acknowledgements}
                             [6


])

[7]

[8



] (./main.toc
LaTeX Font Info:    Font shape `T1/mak/b/n' will be
(Font)              scaled to size 9.85492pt on input line 7.
LaTeX Font Info:    Font shape `T1/mak/b/n' will be
(Font)              scaled to size 10.79993pt on input line 36.


[9])
\tf@toc=\write4
\openout4 = `main.toc'.



LaTeX Font Info:    Font shape `LGR/mak/m/n' will be
(Font)              scaled to size 8.09995pt on input line 261.
LaTeX Font Info:    Font shape `T1/mak/m/n' will be
(Font)              scaled to size 8.09995pt on input line 261.
[10] (./main.lof)
\tf@lof=\write5
\openout5 = `main.lof'.



[11

]

[12

] (./main.loi)
\tf@loi=\write6
\openout6 = `main.loi'.



[13]

[14

] (./main.lot)
\tf@lot=\write7
\openout7 = `main.lot'.



[15]
\openout2 = `front_matter/preface.aux'.

 (./front_matter/preface.tex

[16


])

[17]
\openout2 = `body_matter/intro.aux'.

 (./body_matter/intro.tex

[18




]
\textKappa \textepsilon \textphi \acctonos \textalpha \textlambda \textalpha \textiota \textomicron  1.
LaTeX Font Info:    Font shape `LGR/mak/b/n' will be
(Font)              scaled to size 22.39185pt on input line 1.
LaTeX Font Info:    Font shape `LGR/mak/m/n' will be
(Font)              scaled to size 19.1447pt on input line 2.
LaTeX Font Info:    Font shape `LGR/mak/m/n' will be
(Font)              scaled to size 31.23663pt on input line 2.
Package lettrine.sty Info: Targeted height = 21.27205pt
(lettrine.sty)             (for loversize=0, accent excluded),
(lettrine.sty)             Lettrine height = 27.65382pt (\color {gray!50!brown!70!black}\scalebox {1.3}{});
(lettrine.sty)             reported on input line 2.


[19])

[20]
LaTeX Font Info:    Font shape `T1/mak/b/n' will be
(Font)              scaled to size 22.39185pt on input line 277.
LaTeX Font Info:    Font shape `LGR/mak/b/n' will be
(Font)              scaled to size 20.82425pt on input line 277.


[21



]

[22]
\openout2 = `body_matter/chap2.aux'.

 (./body_matter/chap2.tex
\textKappa \textepsilon \textphi \acctonos \textalpha \textlambda \textalpha \textiota \textomicron  2.
Package lettrine.sty Info: Targeted height = 21.27205pt
(lettrine.sty)             (for loversize=0, accent excluded),
(lettrine.sty)             Lettrine height = 27.65382pt (\color {gray!50!brown!70!black}\scalebox {1.3}{});
(lettrine.sty)             reported on input line 2.
)

[23


{/opt/homebrew/Cellar/texlive/20250308_2/share/texmf-dist/fonts/enc/dvips/kerkis/kmath.enc}]
\openout2 = `body_matter/chap3.aux'.

 (./body_matter/chap3.tex

[24




]
\textKappa \textepsilon \textphi \acctonos \textalpha \textlambda \textalpha \textiota \textomicron  3.
Package lettrine.sty Info: Targeted height = 21.27205pt
(lettrine.sty)             (for loversize=0, accent excluded),
(lettrine.sty)             Lettrine height = 27.65382pt (\color {gray!50!brown!70!black}\scalebox {1.3}{});
(lettrine.sty)             reported on input line 2.

LaTeX Warning: Citation `elli05' on page 25 undefined on input line 7.

)

[25]

[26



]

[27]

[28]
\openout2 = `body_matter/chap4.aux'.

 (./body_matter/chap4.tex
\textKappa \textepsilon \textphi \acctonos \textalpha \textlambda \textalpha \textiota \textomicron  4.
Package lettrine.sty Info: Targeted height = 21.27205pt
(lettrine.sty)             (for loversize=0, accent excluded),
(lettrine.sty)             Lettrine height = 27.65382pt (\color {gray!50!brown!70!black}\scalebox {1.3}{});
(lettrine.sty)             reported on input line 2.
Package epstopdf Info: Source file: <figures/peerArchitecture.eps>
(epstopdf)                    date: 2025-12-16 19:35:37
(epstopdf)                    size: 57021 bytes
(epstopdf)             Output file: <figures/peerArchitecture-eps-converted-to.pdf>
(epstopdf)                    date: 2025-12-16 19:35:37
(epstopdf)                    size: 19332 bytes
(epstopdf)             Command: <repstopdf --outfile=figures/peerArchitecture-eps-converted-to.pdf figures/peerArchitecture.eps>
(epstopdf)             \includegraphics on input line 23.
Package epstopdf Info: Output file is already uptodate.
<figures/peerArchitecture-eps-converted-to.pdf, id=305, 427.5975pt x 545.03625pt>
File: figures/peerArchitecture-eps-converted-to.pdf Graphic file (type pdf)
<use figures/peerArchitecture-eps-converted-to.pdf>
Package pdftex.def Info: figures/peerArchitecture-eps-converted-to.pdf  used on input line 23.
(pdftex.def)             Requested size: 427.59645pt x 545.03493pt.

Overfull \hbox (0.80511pt too wide) in paragraph at lines 23--24
 [][] 
 []

)

[29


]

[30 <./figures/peerArchitecture-eps-converted-to.pdf>]
\openout2 = `body_matter/chap5.aux'.

 (./body_matter/chap5.tex
\textKappa \textepsilon \textphi \acctonos \textalpha \textlambda \textalpha \textiota \textomicron  5.
Package lettrine.sty Info: Targeted height = 21.27205pt
(lettrine.sty)             (for loversize=0, accent excluded),
(lettrine.sty)             Lettrine height = 27.65382pt (\color {gray!50!brown!70!black}\scalebox {1.3}{});
(lettrine.sty)             reported on input line 2.

Underfull \hbox (badness 10000) in paragraph at lines 16--17

 []


Underfull \hbox (badness 10000) in paragraph at lines 30--31

 []



[31




]
LaTeX Font Info:    Trying to load font information for LGR+fvm on input line 35.
LaTeX Font Info:    No file LGRfvm.fd. on input line 35.


LaTeX Font Warning: Font shape `LGR/fvm/m/n' undefined
(Font)              using `LGR/cmr/m/n' instead on input line 35.

LaTeX Font Info:    Trying to load font information for T1+fvm on input line 35.
(/opt/homebrew/Cellar/texlive/20250308_2/share/texmf-dist/tex/latex/bera/t1fvm.fd
File: t1fvm.fd 2004/09/07 scalable font definitions for T1/fvm.
)
LaTeX Font Info:    Font shape `T1/fvm/m/n' will be
(Font)              scaled to size 8.2125pt on input line 35.
)

[32{/opt/homebrew/Cellar/texlive/20250308_2/share/texmf-dist/fonts/enc/dvips/base/8r.enc}]
\openout2 = `body_matter/chap6.aux'.

 (./body_matter/chap6.tex
\textKappa \textepsilon \textphi \acctonos \textalpha \textlambda \textalpha \textiota \textomicron  6.
Package lettrine.sty Info: Targeted height = 21.27205pt
(lettrine.sty)             (for loversize=0, accent excluded),
(lettrine.sty)             Lettrine height = 27.65382pt (\color {gray!50!brown!70!black}\scalebox {1.3}{});
(lettrine.sty)             reported on input line 2.
)

[33




]
\openout2 = `body_matter/chap7.aux'.

 (./body_matter/chap7.tex

[34




]
\textKappa \textepsilon \textphi \acctonos \textalpha \textlambda \textalpha \textiota \textomicron  7.
LaTeX Font Info:    Font shape `T1/mak/m/it' will be
(Font)              scaled to size 9.85492pt on input line 45.
LaTeX Font Info:    Font shape `OML/mak/m/it' will be
(Font)              scaled to size 8.99994pt on input line 48.
LaTeX Font Info:    Font shape `OML/mak/m/it' will be
(Font)              scaled to size 6.29996pt on input line 48.
LaTeX Font Info:    Font shape `OML/mak/m/it' will be
(Font)              scaled to size 4.49997pt on input line 48.
LaTeX Font Info:    Font shape `T1/mak/m/n' will be
(Font)              scaled to size 8.99994pt on input line 48.
LaTeX Font Info:    Font shape `T1/mak/m/n' will be
(Font)              scaled to size 6.29996pt on input line 48.
LaTeX Font Info:    Font shape `T1/mak/m/n' will be
(Font)              scaled to size 4.49997pt on input line 48.
LaTeX Font Info:    Font shape `LGR/mak/b/n' will be
(Font)              scaled to size 8.99994pt on input line 50.
LaTeX Font Info:    Font shape `T1/mak/b/n' will be
(Font)              scaled to size 8.99994pt on input line 50.
)

[35]

[36]
\openout2 = `body_matter/chap8.aux'.

 (./body_matter/chap8.tex
\textKappa \textepsilon \textphi \acctonos \textalpha \textlambda \textalpha \textiota \textomicron  8.
Package hyperref Info: bookmark level for unknown algorithm defaults to 0 on input line 7.
(/opt/homebrew/Cellar/texlive/20250308_2/share/texmf-dist/tex/latex/listings/lstlang1.sty
File: lstlang1.sty 2024/09/23 1.10c listings language file
) (/opt/homebrew/Cellar/texlive/20250308_2/share/texmf-dist/tex/latex/listings/lstmisc.sty
File: lstmisc.sty 2024/09/23 1.10c (Carsten Heinz)
)

LaTeX Font Warning: Font shape `TS1/mak/m/it' undefined
(Font)              using `TS1/mak/m/n' instead
(Font)              for symbol `textasteriskcentered' on input line 14.

Missing character: There is no   in font ek8a!
Missing character: There is no   in font ek8a!
Missing character: There is no   in font ek8a!
Missing character: There is no   in font ek8a!
Missing character: There is no   in font ek8a!
Missing character: There is no   in font ek8a!

Overfull \hbox (2.0pt too wide) in paragraph at lines 33--33
[][][][][] 
 []

)

[37




]

[38]

[39



]

[40]
\openout2 = `body_matter/chap9.aux'.

 (./body_matter/chap9.tex
\textKappa \textepsilon \textphi \acctonos \textalpha \textlambda \textalpha \textiota \textomicron  9.
)

[41


]

[42



]

[43]

[44]
\openout2 = `back_matter/appA.aux'.

 (./back_matter/appA.tex
\textPi \textalpha \textrho \acctonos \textalpha \textrho \texttau \texteta \textmu \textalpha  {\greekscript \textAlpha \textnumeralsigngreek }.
)

[45


]

[46]
\openout2 = `back_matter/appB.aux'.

 (./back_matter/appB.tex
\textPi \textalpha \textrho \acctonos \textalpha \textrho \texttau \texteta \textmu \textalpha  {\greekscript \textBeta \textnumeralsigngreek }.
<figures/2.png, id=445, 187.70125pt x 119.44624pt>
File: figures/2.png Graphic file (type png)
<use figures/2.png>
Package pdftex.def Info: figures/2.png  used on input line 25.
(pdftex.def)             Requested size: 187.70079pt x 119.44594pt.


[47




 <./figures/2.png>])

[48]
\openout2 = `back_matter/appC.aux'.

 (./back_matter/appC.tex
\textPi \textalpha \textrho \acctonos \textalpha \textrho \texttau \texteta \textmu \textalpha  {\greekscript \textGamma \textnumeralsigngreek }.

LaTeX Warning: Citation `goossens93' on page 49 undefined on input line 8.


LaTeX Warning: Citation `greekbook' on page 49 undefined on input line 10.


LaTeX Warning: Citation `LiArTs13' on page 49 undefined on input line 12.


LaTeX Warning: Citation `dcis2011' on page 49 undefined on input line 14.


LaTeX Warning: Citation `LaTeXProject' on page 49 undefined on input line 16.


LaTeX Warning: Citation `zoi04' on page 49 undefined on input line 18.


LaTeX Warning: Citation `elli05' on page 49 undefined on input line 20.


LaTeX Warning: Citation `master04' on page 49 undefined on input line 22.


LaTeX Warning: Citation `phd045' on page 49 undefined on input line 24.


LaTeX Warning: Citation `viswanathan2014convenient' on page 49 undefined on input line 26.


LaTeX Warning: Citation `MSU-CSE-05-29' on page 49 undefined on input line 28.

)

[49




]
\openout2 = `back_matter/appD.aux'.

 (./back_matter/appD.tex

[50




]
\textPi \textalpha \textrho \acctonos \textalpha \textrho \texttau \texteta \textmu \textalpha  {\greekscript \textDelta \textnumeralsigngreek }.
)

[51]
\openout2 = `back_matter/appE.aux'.

 (./back_matter/appE.tex

[52




]
\textPi \textalpha \textrho \acctonos \textalpha \textrho \texttau \texteta \textmu \textalpha  {\greekscript \textEpsilon \textnumeralsigngreek }.
<figures/frog.jpg, id=473, 748.7975pt x 741.77126pt>
File: figures/frog.jpg Graphic file (type jpg)
<use figures/frog.jpg>
Package pdftex.def Info: figures/frog.jpg  used on input line 6.
(pdftex.def)             Requested size: 213.39566pt x 211.39569pt.
Package hyperref Info: bookmark level for unknown illustration defaults to 0 on input line 7.
)

[53 <./figures/frog.jpg>]

[54



] (./main.bbl

[55

])

[56] (./back_matter/abbreviations.tex)

[57

]

[58

] (./back_matter/glossary.tex)

[59] LaTeX Warning: (ntua_thesis.cls): The "plain" option has been selected. CD label generation has been disabled.
 
LaTeX Warning: (ntua_thesis.cls): The "plain" option has been selected. CD cover generation has been disabled.
 


[60

] (./main.aux (./front_matter/abstract.aux) (./front_matter/acknowledgements.aux) (./front_matter/preface.aux) (./body_matter/intro.aux) (./body_matter/chap2.aux) (./body_matter/chap3.aux) (./body_matter/chap4.aux) (./body_matter/chap5.aux) (./body_matter/chap6.aux) (./body_matter/chap7.aux) (./body_matter/chap8.aux) (./body_matter/chap9.aux) (./back_matter/appA.aux) (./back_matter/appB.aux) (./back_matter/appC.aux) (./back_matter/appD.aux) (./back_matter/appE.aux))
 ***********
LaTeX2e <2024-11-01> patch level 2
L3 programming layer <2025-01-18>
 ***********


LaTeX Font Warning: Some font shapes were not available, defaults substituted.


LaTeX Warning: There were undefined references.

 ) 
Here is how much of TeX's memory you used:
 31869 strings out of 473190
 583354 string characters out of 5704335
 1116311 words of memory out of 5000000
 54234 multiletter control sequences out of 15000+600000
 623843 words of font info for 183 fonts, out of 8000000 for 9000
 1141 hyphenation exceptions out of 8191
 99i,12n,107p,1105b,1545s stack positions out of 10000i,1000n,20000p,200000b,200000s
</opt/homebrew/Cellar/texlive/20250308_2/share/texmf-dist/fonts/type1/public/kerkis/Kerkis-Bold.pfb></opt/homebrew/Cellar/texlive/20250308_2/share/texmf-dist/fonts/type1/public/kerkis/Kerkis-Italic.pfb></opt/homebrew/Cellar/texlive/20250308_2/share/texmf-dist/fonts/type1/public/kerkis/Kerkis-SmallCaps.pfb></opt/homebrew/Cellar/texlive/20250308_2/share/texmf-dist/fonts/type1/public/kerkis/Kerkis.pfb></opt/homebrew/Cellar/texlive/20250308_2/share/texmf-dist/fonts/type1/public/bera/fvmr8a.pfb></opt/homebrew/Cellar/texlive/20250308_2/share/texmf-dist/fonts/type1/public/cm-super/sfrm1095.pfb></opt/homebrew/Cellar/texlive/20250308_2/share/texmf-dist/fonts/type1/public/txfonts/txsy.pfb>
Output written on main.pdf (66 pages, 354435 bytes).
PDF statistics:
 753 PDF objects out of 1000 (max. 8388607)
 622 compressed objects within 7 object streams
 159 named destinations out of 1000 (max. 500000)
 470 words of extra memory for PDF output out of 10000 (max. 10000000)

